<?xml version="1.0" encoding="UTF-8"?>
<TestRun id="59ab8e3c-b084-4cb5-a1ca-bfb673309a68" name="Azelos@AZELOSWIN 2012-10-18 16:35:11" runUser="AzelosWin\Azelos" xmlns="http://microsoft.com/schemas/VisualStudio/TeamTest/2010">
  <TestSettings name="Trace and Test Impact" id="15b2e144-c902-46f0-b6f1-3216785c3fe6">
    <Description>These are test settings for Trace and Test Impact.</Description>
    <Execution>
      <TestTypeSpecific>
        <UnitTestRunConfig testTypeId="13cdc9d9-ddb5-4fa4-a97d-d965ccfc6d4b">
          <AssemblyResolution>
            <TestDirectory useLoadContext="true" />
          </AssemblyResolution>
        </UnitTestRunConfig>
        <WebTestRunConfiguration testTypeId="4e7599fa-5ecb-43e9-a887-cd63cf72d207">
          <Browser name="Internet Explorer 7.0">
            <Headers>
              <Header name="User-Agent" value="Mozilla/4.0 (compatible; MSIE 7.0; Windows NT 5.1)" />
              <Header name="Accept" value="*/*" />
              <Header name="Accept-Language" value="{{$IEAcceptLanguage}}" />
              <Header name="Accept-Encoding" value="GZIP" />
            </Headers>
          </Browser>
        </WebTestRunConfiguration>
      </TestTypeSpecific>
      <AgentRule name="LocalMachineDefaultRole">
        <DataCollectors>
          <DataCollector uri="datacollector://microsoft/SystemInfo/1.0" assemblyQualifiedName="Microsoft.VisualStudio.TestTools.DataCollection.SystemInfo.SystemInfoDataCollector, Microsoft.VisualStudio.TestTools.DataCollection.SystemInfo, Version=10.0.0.0, Culture=neutral, PublicKeyToken=b03f5f7f11d50a3a" friendlyName="System Information">
          </DataCollector>
          <DataCollector uri="datacollector://microsoft/HttpProxy/1.0" assemblyQualifiedName="Microsoft.VisualStudio.TraceCollector.HttpProxyCollector, Microsoft.VisualStudio.TraceCollector, Version=10.0.0.0, Culture=neutral, PublicKeyToken=b03f5f7f11d50a3a" friendlyName="ASP.NET Client Proxy for IntelliTrace and Test Impact">
          </DataCollector>
          <DataCollector uri="datacollector://microsoft/TestImpact/1.0" assemblyQualifiedName="Microsoft.VisualStudio.TraceCollector.TestImpactDataCollector, Microsoft.VisualStudio.TraceCollector, Version=10.0.0.0, Culture=neutral, PublicKeyToken=b03f5f7f11d50a3a" friendlyName="Test Impact">
          </DataCollector>
          <DataCollector uri="datacollector://microsoft/TraceDebugger/1.0" assemblyQualifiedName="Microsoft.VisualStudio.TraceCollector.TraceDebuggerDataCollector, Microsoft.VisualStudio.TraceCollector, Version=10.0.0.0, Culture=neutral, PublicKeyToken=b03f5f7f11d50a3a" friendlyName="IntelliTrace">
          </DataCollector>
          <DataCollector uri="datacollector://microsoft/CodeCoverage/1.0" assemblyQualifiedName="Microsoft.VisualStudio.TestTools.CodeCoverage.CoveragePlugIn, Microsoft.VisualStudio.QualityTools.Plugins.CodeCoverage, Version=10.0.0.0, Culture=neutral, PublicKeyToken=b03f5f7f11d50a3a" friendlyName="Code Coverage">
            <Configuration>
              <CodeCoverage xmlns="">
                <Regular>
                  <CodeCoverageItem binaryFile="C:\Users\Azelos\Documents\Visual Studio 2010\Projects\PS6\SpreadsheetGUI\bin\Debug\SpreadsheetGUI.exe" pdbFile="C:\Users\Azelos\Documents\Visual Studio 2010\Projects\PS6\SpreadsheetGUI\bin\Debug\SpreadsheetGUI.instr.pdb" instrumentInPlace="true" />
                </Regular>
              </CodeCoverage>
            </Configuration>
          </DataCollector>
        </DataCollectors>
      </AgentRule>
    </Execution>
    <Deployment runDeploymentRoot="Azelos_AZELOSWIN 2012-10-18 16_35_11" />
  </TestSettings>
  <Times creation="2012-10-18T16:35:11.8676097-06:00" queuing="2012-10-18T16:35:12.2264104-06:00" start="2012-10-18T16:35:15.2606222-06:00" finish="2012-10-18T16:35:54.7261914-06:00" />
  <ResultSummary outcome="Aborted">
    <Counters total="2" executed="2" error="0" failed="0" timeout="0" aborted="1" inconclusive="0" passedButRunAborted="1" notRunnable="0" notExecuted="0" disconnected="0" warning="0" passed="0" completed="0" inProgress="0" pending="0" />
    <ResultFiles>
      <ResultFile path="AZELOSWIN\data.coverage" />
    </ResultFiles>
    <CollectorDataEntries>
      <Collector agentName="AZELOSWIN" uri="datacollector://microsoft/SystemInfo/1.0" collectorDisplayName="System Information">
        <UriAttachments>
          <UriAttachment>
            <A href="AZELOSWIN\SystemInformation.xml">System Information from AZELOSWIN</A>
          </UriAttachment>
        </UriAttachments>
      </Collector>
    </CollectorDataEntries>
  </ResultSummary>
  <TestDefinitions>
    <UnitTest name="CodedUITestMethod1" storage="c:\users\azelos\documents\visual studio 2010\projects\ps6\spreadsheetguitests\bin\debug\spreadsheetguitests.dll" id="747a1fff-db9b-12f6-10df-ab9ae050978f">
      <Execution id="f04e0887-c789-4df5-854e-76c9a0579cec" />
      <TestMethod codeBase="C:/Users/Azelos/Documents/Visual Studio 2010/Projects/PS6/SpreadsheetGUITests/bin/Debug/SpreadsheetGUITests.DLL" adapterTypeName="Microsoft.VisualStudio.TestTools.TestTypes.Unit.UnitTestAdapter, Microsoft.VisualStudio.QualityTools.Tips.UnitTest.Adapter, Version=10.0.0.0, Culture=neutral, PublicKeyToken=b03f5f7f11d50a3a" className="SpreadsheetGUITests.Test2, SpreadsheetGUITests, Version=1.0.0.0, Culture=neutral, PublicKeyToken=null" name="CodedUITestMethod1" />
      <Extension>Microsoft.VisualStudio.TestTools.UITesting.CodedUITestAttribute, Microsoft.VisualStudio.QualityTools.CodedUITestFramework, Version=10.0.0.0, Culture=neutral, PublicKeyToken=b03f5f7f11d50a3a</Extension>
    </UnitTest>
    <UnitTest name="CodedUITestMethod1" storage="c:\users\azelos\documents\visual studio 2010\projects\ps6\spreadsheetguitests\bin\debug\spreadsheetguitests.dll" id="9897bdb1-26aa-a10b-a6bc-7e0b1837fbf4">
      <Execution id="6b419813-0341-4825-a9fe-351366c10a59" />
      <TestMethod codeBase="C:/Users/Azelos/Documents/Visual Studio 2010/Projects/PS6/SpreadsheetGUITests/bin/Debug/SpreadsheetGUITests.DLL" adapterTypeName="Microsoft.VisualStudio.TestTools.TestTypes.Unit.UnitTestAdapter, Microsoft.VisualStudio.QualityTools.Tips.UnitTest.Adapter, Version=10.0.0.0, Culture=neutral, PublicKeyToken=b03f5f7f11d50a3a" className="SpreadsheetGUITests.Test1, SpreadsheetGUITests, Version=1.0.0.0, Culture=neutral, PublicKeyToken=null" name="CodedUITestMethod1" />
      <Extension>Microsoft.VisualStudio.TestTools.UITesting.CodedUITestAttribute, Microsoft.VisualStudio.QualityTools.CodedUITestFramework, Version=10.0.0.0, Culture=neutral, PublicKeyToken=b03f5f7f11d50a3a</Extension>
    </UnitTest>
  </TestDefinitions>
  <TestLists>
    <TestList name="Results Not in a List" id="8c84fa94-04c1-424b-9868-57a2d4851a1d" />
    <TestList name="All Loaded Results" id="19431567-8539-422a-85d7-44ee4e166bda" />
  </TestLists>
  <TestEntries>
    <TestEntry testId="9897bdb1-26aa-a10b-a6bc-7e0b1837fbf4" executionId="6b419813-0341-4825-a9fe-351366c10a59" testListId="8c84fa94-04c1-424b-9868-57a2d4851a1d" />
    <TestEntry testId="747a1fff-db9b-12f6-10df-ab9ae050978f" executionId="f04e0887-c789-4df5-854e-76c9a0579cec" testListId="8c84fa94-04c1-424b-9868-57a2d4851a1d" />
  </TestEntries>
  <Results>
    <UnitTestResult executionId="6b419813-0341-4825-a9fe-351366c10a59" testId="9897bdb1-26aa-a10b-a6bc-7e0b1837fbf4" testName="CodedUITestMethod1" computerName="AZELOSWIN" duration="00:00:08.2238441" startTime="2012-10-18T16:35:15.5258226-06:00" endTime="2012-10-18T16:35:24.7802447-06:00" testType="13cdc9d9-ddb5-4fa4-a97d-d965ccfc6d4b" outcome="PassedButRunAborted" testListId="8c84fa94-04c1-424b-9868-57a2d4851a1d" relativeResultsDirectory="6b419813-0341-4825-a9fe-351366c10a59">
      <Output>
        <DebugTrace>W, 1296, 14, 2012/10/18, 16:35:19.563, 50466801624, QTAgent32.exe, &lt;a class=success&gt;Playback - {1} [SUCCESS] MouseButtonClick - "[MSAA, VisibleOnly]ControlType='ToolBar' &amp;&amp; Name='toolStrip1'"
\0&lt;/a&gt;
E, 1296, 14, 2012/10/18, 16:35:19.859, 50467466144, QTAgent32.exe, LoadLibrary() : Unable to find the resource 37382 from assembly C:\Windows\system32\en-US\ieframe.dll.mui: Error1814
E, 1296, 14, 2012/10/18, 16:35:19.859, 50467467264, QTAgent32.exe, LoadLibrary() : Unable to find the resource 41728 from assembly C:\Windows\system32\en-US\ieframe.dll.mui: Error1814
E, 1296, 14, 2012/10/18, 16:35:19.859, 50467467757, QTAgent32.exe, LoadLibrary() : Unable to find the resource 8131 from assembly C:\Windows\system32\en-US\ieframe.dll.mui: Error1814
E, 1296, 14, 2012/10/18, 16:35:19.859, 50467468247, QTAgent32.exe, LoadLibrary() : Unable to find the resource 8131 from assembly C:\Windows\system32\en-US\ieframe.dll.mui: Error1814
E, 1296, 14, 2012/10/18, 16:35:19.859, 50467469106, QTAgent32.exe, LoadLibrary() : Unable to find the resource 8131 from assembly C:\Windows\system32\en-US\ieframe.dll.mui: Error1814
E, 1296, 14, 2012/10/18, 16:35:19.859, 50467470174, QTAgent32.exe, LoadLibrary() : Unable to find the resource 803 from assembly C:\Windows\system32\en-US\user32.dll.mui: Error1814
W, 1296, 14, 2012/10/18, 16:35:20.218, 50468278747, QTAgent32.exe, &lt;a class=success&gt;Playback - {2} [SUCCESS] SetValueAsEditBox "5" - "[MSAA, VisibleOnly]ControlType='Edit'"  &lt; Set via SendKeys &gt;
\0&lt;/a&gt;
W, 1296, 14, 2012/10/18, 16:35:20.548, 50469004399, QTAgent32.exe, &lt;a class=success&gt;Playback - {3} [SUCCESS] SendKeys "{Enter}" - "[MSAA, VisibleOnly]ControlType='Edit'"
\0&lt;/a&gt;
W, 1296, 14, 2012/10/18, 16:35:21.125, 50470309554, QTAgent32.exe, &lt;a class=success&gt;Playback - {4} [SUCCESS] MouseButtonClick - "[MSAA, VisibleOnly]ControlType='Client'"
\0&lt;/a&gt;
W, 1296, 14, 2012/10/18, 16:35:21.555, 50471262765, QTAgent32.exe, &lt;a class=success&gt;Playback - {5} [SUCCESS] SetValueAsEditBox "5" - "[MSAA, VisibleOnly]ControlType='Edit'"  &lt; Set via SendKeys &gt;
\0&lt;/a&gt;
W, 1296, 14, 2012/10/18, 16:35:21.837, 50471894391, QTAgent32.exe, &lt;a class=success&gt;Playback - {6} [SUCCESS] SendKeys "{Enter}" - "[MSAA, VisibleOnly]ControlType='Edit'"
\0&lt;/a&gt;
W, 1296, 14, 2012/10/18, 16:35:22.220, 50472752023, QTAgent32.exe, &lt;a class=success&gt;Playback - {7} [SUCCESS] MouseButtonClick - "[MSAA, VisibleOnly]ControlType='Client'"
\0&lt;/a&gt;
W, 1296, 14, 2012/10/18, 16:35:22.730, 50473899423, QTAgent32.exe, &lt;a class=success&gt;Playback - {8} [SUCCESS] SetValueAsEditBox "A1+B1" - "[MSAA, VisibleOnly]ControlType='Edit'"  &lt; Set via SendKeys &gt;
\0&lt;/a&gt;
W, 1296, 14, 2012/10/18, 16:35:23.485, 50475589689, QTAgent32.exe, &lt;a class=success&gt;Playback - {9} [SUCCESS] MouseButtonClick - "[MSAA, VisibleOnly]ControlType='Button' &amp;&amp; Name='Close'"
\0&lt;/a&gt;
W, 1296, 14, 2012/10/18, 16:35:24.078, 50476923467, QTAgent32.exe, &lt;a class=success&gt;Playback - {10} [SUCCESS] MouseButtonClick - "[MSAA, VisibleOnly]ControlType='Button' &amp;&amp; Name='Yes'"
\0&lt;/a&gt;
W, 1296, 14, 2012/10/18, 16:35:24.296, 50477417334, QTAgent32.exe, IEDOM : StopSession of the plugin called before StartSession
W, 1296, 14, 2012/10/18, 16:35:24.296, 50477417646, QTAgent32.exe, UIA : StopSession of the plugin called before StartSession
</DebugTrace>
      </Output>
      <CollectorDataEntries>
        <Collector agentName="AZELOSWIN" uri="datacollector://microsoft/SystemInfo/1.0" collectorDisplayName="System Information">
          <UriAttachments>
            <UriAttachment>
              <A href="AZELOSWIN\SystemInformation.xml">System Information from AZELOSWIN</A>
            </UriAttachment>
          </UriAttachments>
        </Collector>
        <Collector agentName="AZELOSWIN" uri="datacollector://microsoft/TestImpact/1.0" collectorDisplayName="Test Impact">
          <UriAttachments>
            <UriAttachment>
              <A href="AZELOSWIN\testimpact.xml">Test Impact Data</A>
            </UriAttachment>
          </UriAttachments>
        </Collector>
      </CollectorDataEntries>
    </UnitTestResult>
    <UnitTestResult executionId="f04e0887-c789-4df5-854e-76c9a0579cec" testId="747a1fff-db9b-12f6-10df-ab9ae050978f" testName="CodedUITestMethod1" computerName="AZELOSWIN" duration="00:00:25.9523397" startTime="2012-10-18T16:35:24.7958447-06:00" endTime="2012-10-18T16:35:50.7481844-06:00" testType="13cdc9d9-ddb5-4fa4-a97d-d965ccfc6d4b" outcome="Aborted" testListId="8c84fa94-04c1-424b-9868-57a2d4851a1d" relativeResultsDirectory="f04e0887-c789-4df5-854e-76c9a0579cec">
      <Output>
        <DebugTrace>W, 1296, 23, 2012/10/18, 16:35:27.385, 50484341050, QTAgent32.exe, &lt;a class=success&gt;Playback - {1} [SUCCESS] SetValueAsEditBox "5" - "[MSAA, VisibleOnly]ControlType='Edit'"  &lt; Set via SendKeys &gt;
\0&lt;/a&gt;
W, 1296, 23, 2012/10/18, 16:35:27.697, 50485029538, QTAgent32.exe, &lt;a class=success&gt;Playback - {2} [SUCCESS] SendKeys "{Enter}" - "[MSAA, VisibleOnly]ControlType='Edit'"
\0&lt;/a&gt;
W, 1296, 23, 2012/10/18, 16:35:28.273, 50486317719, QTAgent32.exe, &lt;a class=success&gt;Playback - {3} [SUCCESS] MouseButtonClick - "[MSAA, VisibleOnly]ControlType='Client'"
\0&lt;/a&gt;
W, 1296, 23, 2012/10/18, 16:35:28.703, 50487279570, QTAgent32.exe, &lt;a class=success&gt;Playback - {4} [SUCCESS] SetValueAsEditBox "4" - "[MSAA, VisibleOnly]ControlType='Edit'"  &lt; Set via SendKeys &gt;
\0&lt;/a&gt;
W, 1296, 23, 2012/10/18, 16:35:28.979, 50487901056, QTAgent32.exe, &lt;a class=success&gt;Playback - {5} [SUCCESS] SendKeys "{Enter}" - "[MSAA, VisibleOnly]ControlType='Edit'"
\0&lt;/a&gt;
W, 1296, 23, 2012/10/18, 16:35:29.363, 50488759041, QTAgent32.exe, &lt;a class=success&gt;Playback - {6} [SUCCESS] MouseButtonClick - "[MSAA, VisibleOnly]ControlType='Client'"
\0&lt;/a&gt;
W, 1296, 23, 2012/10/18, 16:35:29.889, 50489937138, QTAgent32.exe, &lt;a class=success&gt;Playback - {7} [SUCCESS] SetValueAsEditBox "=A1 + B" - "[MSAA, VisibleOnly]ControlType='Edit'"  &lt; Set via SendKeys &gt;
\0&lt;/a&gt;
W, 1296, 23, 2012/10/18, 16:35:30.174, 50490576659, QTAgent32.exe, &lt;a class=success&gt;Playback - {8} [SUCCESS] SendKeys "{Enter}" - "[MSAA, VisibleOnly]ControlType='Edit'"
\0&lt;/a&gt;
W, 1296, 23, 2012/10/18, 16:35:30.822, 50492027389, QTAgent32.exe, Playback - [WARNING] Internal warning: Window Not Found: [VisibleOnly]ControlType='Window' &amp;&amp; Name='OK' &amp;&amp; ClassName='Button'
\0
E, 1296, 23, 2012/10/18, 16:35:30.822, 50492028260, QTAgent32.exe, &lt;a class=failure&gt;Playback - {9} [FAILED] Function ElementFetcher::FindScreenElement failed to locate UI element (Searching: ;[VisibleOnly]ControlType='Window' &amp;&amp; Name='OK' &amp;&amp; ClassName='Button') (The object specified was not found.)
\0&lt;/a&gt;
E, 1296, 23, 2012/10/18, 16:35:31.029, 50492507762, QTAgent32.exe, Playback - [IMAGE] C:\Users\Azelos\AppData\Local\Temp\UITestLogs\LastRun\RPFCA95.png
\0
W, 1296, 23, 2012/10/18, 16:35:31.029, 50492508177, QTAgent32.exe, Playback - [WARNING] Internal warning: Couldn't find descendants that match QueryId
\0
W, 1296, 23, 2012/10/18, 16:35:31.029, 50492510122, QTAgent32.exe, PERF WARNING: FindTopLevelWindowHelper::FindAllDescendents: took 761 ms. Expected it to take maximum 500 ms.
W, 1296, 23, 2012/10/18, 16:35:49.344, 50533538165, QTAgent32.exe, Playback - [WARNING] Internal warning: Window Not Found: [VisibleOnly]ControlType='Window' &amp;&amp; Name='OK' &amp;&amp; ClassName='Button'
\0
E, 1296, 23, 2012/10/18, 16:35:49.344, 50533538649, QTAgent32.exe, &lt;a class=failure&gt;Playback - {10} [FAILED] Function ElementFetcher::FindScreenElement failed to locate UI element (Searching: ;[VisibleOnly]ControlType='Window' &amp;&amp; Name='OK' &amp;&amp; ClassName='Button') (The object specified was not found.)
\0&lt;/a&gt;
E, 1296, 23, 2012/10/18, 16:35:49.531, 50533987596, QTAgent32.exe, Playback - [IMAGE] C:\Users\Azelos\AppData\Local\Temp\UITestLogs\LastRun\RPF12EB.png
\0
W, 1296, 23, 2012/10/18, 16:35:49.531, 50533988006, QTAgent32.exe, Playback - [WARNING] Internal warning: Couldn't find descendants that match QueryId
\0
W, 1296, 23, 2012/10/18, 16:35:49.546, 50533989210, QTAgent32.exe, PERF WARNING: FindTopLevelWindowHelper::FindAllDescendents: took 18502 ms. Expected it to take maximum 500 ms.
W, 1296, 23, 2012/10/18, 16:35:50.108, 50535275293, QTAgent32.exe, Playback - [WARNING] Internal warning: Smart Match failed
\0
W, 1296, 23, 2012/10/18, 16:35:50.560, 50536278889, QTAgent32.exe, Playback - [WARNING] Internal warning: Smart Match failed
\0
</DebugTrace>
        <ErrorInfo>
          <Message>User aborted test run.</Message>
        </ErrorInfo>
      </Output>
      <ResultFiles>
        <ResultFile path="AZELOSWIN\CodedUITestMethod1.png" />
      </ResultFiles>
      <CollectorDataEntries>
        <Collector agentName="AZELOSWIN" uri="datacollector://microsoft/SystemInfo/1.0" collectorDisplayName="System Information">
          <UriAttachments>
            <UriAttachment>
              <A href="AZELOSWIN\SystemInformation.xml">System Information from AZELOSWIN</A>
            </UriAttachment>
          </UriAttachments>
        </Collector>
        <Collector agentName="AZELOSWIN" uri="datacollector://microsoft/TraceDebugger/1.0" collectorDisplayName="IntelliTrace">
          <UriAttachments>
            <UriAttachment>
              <A href="AZELOSWIN\QTAgent32_121018_163550763_1296.iTrace">IntelliTrace file for 'QTAgent32.exe' (1296)</A>
            </UriAttachment>
            <UriAttachment>
              <A href="AZELOSWIN\SpreadsheetGUI_0000127c_121018_163524.iTrace">IntelliTrace file for 'SpreadsheetGUI.exe' (4732)</A>
            </UriAttachment>
          </UriAttachments>
        </Collector>
      </CollectorDataEntries>
    </UnitTestResult>
  </Results>
</TestRun>