<?xml version="1.0" encoding="UTF-8"?>
<TestRun id="048d2dcb-9c64-4d5f-ac43-d765c423157a" name="Azelos@AZELOSWIN 2012-10-18 16:49:55" runUser="AzelosWin\Azelos" xmlns="http://microsoft.com/schemas/VisualStudio/TeamTest/2010">
  <TestSettings name="Trace and Test Impact" id="15b2e144-c902-46f0-b6f1-3216785c3fe6">
    <Description>These are test settings for Trace and Test Impact.</Description>
    <Execution>
      <TestTypeSpecific>
        <UnitTestRunConfig testTypeId="13cdc9d9-ddb5-4fa4-a97d-d965ccfc6d4b">
          <AssemblyResolution>
            <TestDirectory useLoadContext="true" />
          </AssemblyResolution>
        </UnitTestRunConfig>
        <WebTestRunConfiguration testTypeId="4e7599fa-5ecb-43e9-a887-cd63cf72d207">
          <Browser name="Internet Explorer 7.0">
            <Headers>
              <Header name="User-Agent" value="Mozilla/4.0 (compatible; MSIE 7.0; Windows NT 5.1)" />
              <Header name="Accept" value="*/*" />
              <Header name="Accept-Language" value="{{$IEAcceptLanguage}}" />
              <Header name="Accept-Encoding" value="GZIP" />
            </Headers>
          </Browser>
        </WebTestRunConfiguration>
      </TestTypeSpecific>
      <AgentRule name="LocalMachineDefaultRole">
        <DataCollectors>
          <DataCollector uri="datacollector://microsoft/SystemInfo/1.0" assemblyQualifiedName="Microsoft.VisualStudio.TestTools.DataCollection.SystemInfo.SystemInfoDataCollector, Microsoft.VisualStudio.TestTools.DataCollection.SystemInfo, Version=10.0.0.0, Culture=neutral, PublicKeyToken=b03f5f7f11d50a3a" friendlyName="System Information">
          </DataCollector>
          <DataCollector uri="datacollector://microsoft/HttpProxy/1.0" assemblyQualifiedName="Microsoft.VisualStudio.TraceCollector.HttpProxyCollector, Microsoft.VisualStudio.TraceCollector, Version=10.0.0.0, Culture=neutral, PublicKeyToken=b03f5f7f11d50a3a" friendlyName="ASP.NET Client Proxy for IntelliTrace and Test Impact">
          </DataCollector>
          <DataCollector uri="datacollector://microsoft/TestImpact/1.0" assemblyQualifiedName="Microsoft.VisualStudio.TraceCollector.TestImpactDataCollector, Microsoft.VisualStudio.TraceCollector, Version=10.0.0.0, Culture=neutral, PublicKeyToken=b03f5f7f11d50a3a" friendlyName="Test Impact">
          </DataCollector>
          <DataCollector uri="datacollector://microsoft/TraceDebugger/1.0" assemblyQualifiedName="Microsoft.VisualStudio.TraceCollector.TraceDebuggerDataCollector, Microsoft.VisualStudio.TraceCollector, Version=10.0.0.0, Culture=neutral, PublicKeyToken=b03f5f7f11d50a3a" friendlyName="IntelliTrace">
          </DataCollector>
          <DataCollector uri="datacollector://microsoft/CodeCoverage/1.0" assemblyQualifiedName="Microsoft.VisualStudio.TestTools.CodeCoverage.CoveragePlugIn, Microsoft.VisualStudio.QualityTools.Plugins.CodeCoverage, Version=10.0.0.0, Culture=neutral, PublicKeyToken=b03f5f7f11d50a3a" friendlyName="Code Coverage">
            <Configuration>
              <CodeCoverage xmlns="">
                <Regular>
                  <CodeCoverageItem binaryFile="C:\Users\Azelos\Documents\Visual Studio 2010\Projects\PS6\SpreadsheetGUI\bin\Debug\SpreadsheetGUI.exe" pdbFile="C:\Users\Azelos\Documents\Visual Studio 2010\Projects\PS6\SpreadsheetGUI\bin\Debug\SpreadsheetGUI.instr.pdb" instrumentInPlace="true" />
                </Regular>
              </CodeCoverage>
            </Configuration>
          </DataCollector>
        </DataCollectors>
      </AgentRule>
    </Execution>
    <Deployment runDeploymentRoot="Azelos_AZELOSWIN 2012-10-18 16_49_55" />
  </TestSettings>
  <Times creation="2012-10-18T16:49:55.2870267-06:00" queuing="2012-10-18T16:49:55.5990273-06:00" start="2012-10-18T16:49:58.5586400-06:00" finish="2012-10-18T16:50:36.1604228-06:00" />
  <ResultSummary outcome="Completed">
    <Counters total="1" executed="1" passed="1" error="0" failed="0" timeout="0" aborted="0" inconclusive="0" passedButRunAborted="0" notRunnable="0" notExecuted="0" disconnected="0" warning="0" completed="0" inProgress="0" pending="0" />
    <ResultFiles>
      <ResultFile path="AZELOSWIN\data.coverage" />
    </ResultFiles>
    <CollectorDataEntries>
      <Collector agentName="AZELOSWIN" uri="datacollector://microsoft/SystemInfo/1.0" collectorDisplayName="System Information">
        <UriAttachments>
          <UriAttachment>
            <A href="AZELOSWIN\SystemInformation.xml">System Information from AZELOSWIN</A>
          </UriAttachment>
        </UriAttachments>
      </Collector>
    </CollectorDataEntries>
  </ResultSummary>
  <TestDefinitions>
    <UnitTest name="CodedUITestMethod1" storage="c:\users\azelos\documents\visual studio 2010\projects\ps6\spreadsheetguitests\bin\debug\spreadsheetguitests.dll" id="747a1fff-db9b-12f6-10df-ab9ae050978f">
      <Execution id="b8c5b5c0-ef5d-46df-a6a1-4bfe1991d295" />
      <TestMethod codeBase="C:/Users/Azelos/Documents/Visual Studio 2010/Projects/PS6/SpreadsheetGUITests/bin/Debug/SpreadsheetGUITests.DLL" adapterTypeName="Microsoft.VisualStudio.TestTools.TestTypes.Unit.UnitTestAdapter, Microsoft.VisualStudio.QualityTools.Tips.UnitTest.Adapter, Version=10.0.0.0, Culture=neutral, PublicKeyToken=b03f5f7f11d50a3a" className="SpreadsheetGUITests.Test2, SpreadsheetGUITests, Version=1.0.0.0, Culture=neutral, PublicKeyToken=null" name="CodedUITestMethod1" />
      <Extension>Microsoft.VisualStudio.TestTools.UITesting.CodedUITestAttribute, Microsoft.VisualStudio.QualityTools.CodedUITestFramework, Version=10.0.0.0, Culture=neutral, PublicKeyToken=b03f5f7f11d50a3a</Extension>
    </UnitTest>
  </TestDefinitions>
  <TestLists>
    <TestList name="Results Not in a List" id="8c84fa94-04c1-424b-9868-57a2d4851a1d" />
    <TestList name="All Loaded Results" id="19431567-8539-422a-85d7-44ee4e166bda" />
  </TestLists>
  <TestEntries>
    <TestEntry testId="747a1fff-db9b-12f6-10df-ab9ae050978f" executionId="b8c5b5c0-ef5d-46df-a6a1-4bfe1991d295" testListId="8c84fa94-04c1-424b-9868-57a2d4851a1d" />
  </TestEntries>
  <Results>
    <UnitTestResult executionId="b8c5b5c0-ef5d-46df-a6a1-4bfe1991d295" testId="747a1fff-db9b-12f6-10df-ab9ae050978f" testName="CodedUITestMethod1" computerName="AZELOSWIN" duration="00:00:34.4616931" startTime="2012-10-18T16:49:58.7926404-06:00" endTime="2012-10-18T16:50:34.4132198-06:00" testType="13cdc9d9-ddb5-4fa4-a97d-d965ccfc6d4b" outcome="Passed" testListId="8c84fa94-04c1-424b-9868-57a2d4851a1d" relativeResultsDirectory="b8c5b5c0-ef5d-46df-a6a1-4bfe1991d295">
      <Output>
        <DebugTrace>W, 4932, 14, 2012/10/18, 16:50:02.877, 52446313269, QTAgent32.exe, &lt;a class=success&gt;Playback - {1} [SUCCESS] MouseButtonClick - "[MSAA, VisibleOnly]ControlType='Client'"
\0&lt;/a&gt;
W, 4932, 14, 2012/10/18, 16:50:03.470, 52447636002, QTAgent32.exe, &lt;a class=success&gt;Playback - {2} [SUCCESS] SendKeys "3" - "[MSAA, VisibleOnly]ControlType='Edit'"
\0&lt;/a&gt;
W, 4932, 14, 2012/10/18, 16:50:03.766, 52448299528, QTAgent32.exe, &lt;a class=success&gt;Playback - {3} [SUCCESS] SendKeys "3" - "[MSAA, VisibleOnly]ControlType='Edit'"
\0&lt;/a&gt;
E, 4932, 14, 2012/10/18, 16:50:04.094, 52449049161, QTAgent32.exe, LoadLibrary() : Unable to find the resource 37382 from assembly C:\Windows\system32\en-US\ieframe.dll.mui: Error1814
E, 4932, 14, 2012/10/18, 16:50:04.094, 52449050366, QTAgent32.exe, LoadLibrary() : Unable to find the resource 41728 from assembly C:\Windows\system32\en-US\ieframe.dll.mui: Error1814
E, 4932, 14, 2012/10/18, 16:50:04.094, 52449050868, QTAgent32.exe, LoadLibrary() : Unable to find the resource 8131 from assembly C:\Windows\system32\en-US\ieframe.dll.mui: Error1814
E, 4932, 14, 2012/10/18, 16:50:04.094, 52449051423, QTAgent32.exe, LoadLibrary() : Unable to find the resource 8131 from assembly C:\Windows\system32\en-US\ieframe.dll.mui: Error1814
E, 4932, 14, 2012/10/18, 16:50:04.094, 52449052277, QTAgent32.exe, LoadLibrary() : Unable to find the resource 8131 from assembly C:\Windows\system32\en-US\ieframe.dll.mui: Error1814
E, 4932, 14, 2012/10/18, 16:50:04.094, 52449053263, QTAgent32.exe, LoadLibrary() : Unable to find the resource 803 from assembly C:\Windows\system32\en-US\user32.dll.mui: Error1814
W, 4932, 14, 2012/10/18, 16:50:04.437, 52449816869, QTAgent32.exe, &lt;a class=success&gt;Playback - {4} [SUCCESS] SetValueAsEditBox "3" - "[MSAA, VisibleOnly]ControlType='Edit'"  &lt; Set via SendKeys &gt;
\0&lt;/a&gt;
W, 4932, 14, 2012/10/18, 16:50:04.750, 52450503071, QTAgent32.exe, &lt;a class=success&gt;Playback - {5} [SUCCESS] SendKeys "{Enter}" - "[MSAA, VisibleOnly]ControlType='Edit'"
\0&lt;/a&gt;
W, 4932, 14, 2012/10/18, 16:50:05.139, 52451376160, QTAgent32.exe, &lt;a class=success&gt;Playback - {6} [SUCCESS] MouseButtonClick - "[MSAA, VisibleOnly]ControlType='Client'"
\0&lt;/a&gt;
W, 4932, 14, 2012/10/18, 16:50:05.549, 52452295603, QTAgent32.exe, &lt;a class=success&gt;Playback - {7} [SUCCESS] SetValueAsEditBox "4" - "[MSAA, VisibleOnly]ControlType='Edit'"  &lt; Set via SendKeys &gt;
\0&lt;/a&gt;
W, 4932, 14, 2012/10/18, 16:50:05.809, 52452878018, QTAgent32.exe, &lt;a class=success&gt;Playback - {8} [SUCCESS] SendKeys "{Enter}" - "[MSAA, VisibleOnly]ControlType='Edit'"
\0&lt;/a&gt;
W, 4932, 14, 2012/10/18, 16:50:06.207, 52453771998, QTAgent32.exe, &lt;a class=success&gt;Playback - {9} [SUCCESS] MouseButtonClick - "[MSAA, VisibleOnly]ControlType='Client'"
\0&lt;/a&gt;
W, 4932, 14, 2012/10/18, 16:50:06.627, 52454710241, QTAgent32.exe, &lt;a class=success&gt;Playback - {10} [SUCCESS] SetValueAsEditBox "=" - "[MSAA, VisibleOnly]ControlType='Edit'"  &lt; Set via SendKeys &gt;
\0&lt;/a&gt;
W, 4932, 14, 2012/10/18, 16:50:06.897, 52455314490, QTAgent32.exe, &lt;a class=success&gt;Playback - {11} [SUCCESS] SendKeys "A" - "[MSAA, VisibleOnly]ControlType='Edit'"
\0&lt;/a&gt;
W, 4932, 14, 2012/10/18, 16:50:07.789, 52457333665, QTAgent32.exe, &lt;a class=success&gt;Playback - {12} [SUCCESS] MouseButtonClick - "[MSAA, VisibleOnly]ControlType='Client'"
\0&lt;/a&gt;
W, 4932, 14, 2012/10/18, 16:50:08.164, 52458155204, QTAgent32.exe, &lt;a class=success&gt;Playback - {13} [SUCCESS] SendKeys "^{HOME}" - "[MSAA, VisibleOnly]ControlType='Edit'"
\0&lt;/a&gt;
E, 4932, 14, 2012/10/18, 16:50:08.164, 52458173838, QTAgent32.exe, Msaa.GetFocusedElement: could not find accessible object of foreground window
W, 4932, 14, 2012/10/18, 16:50:08.304, 52458469805, QTAgent32.exe, &lt;a class=success&gt;Playback - {14} [SUCCESS] SendKeys "^+{END}" - "[MSAA, VisibleOnly]ControlType='Edit'"
\0&lt;/a&gt;
E, 4932, 14, 2012/10/18, 16:50:08.304, 52458472078, QTAgent32.exe, Msaa.GetFocusedElement: could not find accessible object of foreground window
W, 4932, 14, 2012/10/18, 16:50:08.398, 52458679540, QTAgent32.exe, &lt;a class=success&gt;Playback - {15} [SUCCESS] SendKeys "{DELETE}" - "[MSAA, VisibleOnly]ControlType='Edit'"
\0&lt;/a&gt;
W, 4932, 14, 2012/10/18, 16:50:08.710, 52459381010, QTAgent32.exe, &lt;a class=success&gt;Playback - {16} [SUCCESS] SetValueAsEditBox "A1+B1" - "[MSAA, VisibleOnly]ControlType='Edit'"  &lt; Set via SendKeys &gt;
\0&lt;/a&gt;
W, 4932, 14, 2012/10/18, 16:50:09.156, 52460381267, QTAgent32.exe, &lt;a class=success&gt;Playback - {17} [SUCCESS] MouseButtonClick - "[MSAA, VisibleOnly]ControlType='Client'"
\0&lt;/a&gt;
W, 4932, 14, 2012/10/18, 16:50:09.635, 52461454679, QTAgent32.exe, &lt;a class=success&gt;Playback - {18} [SUCCESS] SetValueAsEditBox "B1+C1" - "[MSAA, VisibleOnly]ControlType='Edit'"  &lt; Set via SendKeys &gt;
\0&lt;/a&gt;
W, 4932, 14, 2012/10/18, 16:50:09.745, 52461705047, QTAgent32.exe, FindScreenElementInSinglePass : Attempting to find control in one pass of search. Failures can occur.
W, 4932, 14, 2012/10/18, 16:50:10.107, 52462539752, QTAgent32.exe, Playback - [WARNING] Internal failure: Invalid bounding rectangle top location (0) for Name = "New" ," ControlType = "MenuItem"
\0
W, 4932, 14, 2012/10/18, 16:50:10.107, 52462540834, QTAgent32.exe, Playback - [WARNING] Internal failure: Invalid bounding rectangle size (width = 0, height = 0) for Name = "New" ," ControlType = "MenuItem"
\0
W, 4932, 14, 2012/10/18, 16:50:10.107, 52462540993, QTAgent32.exe, Playback - [WARNING] Internal failure: Couldn't get clickable point for ScreenUIElement - GetClickablePoint failed
\0
W, 4932, 14, 2012/10/18, 16:50:10.122, 52462543346, QTAgent32.exe, FindScreenElementInSinglePass : Attempting to find control in one pass of search. Failures can occur.
W, 4932, 14, 2012/10/18, 16:50:10.362, 52463091464, QTAgent32.exe, FindScreenElementInSinglePass : Attempting to find control in one pass of search. Failures can occur.
W, 4932, 14, 2012/10/18, 16:50:10.755, 52463961056, QTAgent32.exe, &lt;a class=success&gt;Playback - {19} [SUCCESS] LeftButtonClick - "[MSAA, VisibleOnly]ControlType='ToolBar' &amp;&amp; Name='toolStrip1'"  &lt; Mouse cursor location (387, 139) &gt;
\0&lt;/a&gt;
W, 4932, 14, 2012/10/18, 16:50:10.993, 52464495035, QTAgent32.exe, &lt;a class=success&gt;Playback - {20} [SUCCESS] LeftButtonClick - "[MSAA]ControlType='MenuItem' &amp;&amp; Name='File'"  &lt; Mouse cursor location (126, 139) &gt;
\0&lt;/a&gt;
W, 4932, 14, 2012/10/18, 16:50:11.508, 52465647689, QTAgent32.exe, &lt;a class=success&gt;Playback - {21} [SUCCESS] MouseButtonClick - "[MSAA]ControlType='MenuItem' &amp;&amp; Name='New'"
\0&lt;/a&gt;
W, 4932, 14, 2012/10/18, 16:50:11.617, 52465914196, QTAgent32.exe, FindNTopWindows : Search will be continued for 12000 even on failure
W, 4932, 14, 2012/10/18, 16:50:12.178, 52467160821, QTAgent32.exe, &lt;a class=success&gt;Playback - {22} [SUCCESS] MouseButtonClick - "[MSAA, VisibleOnly]ControlType='Button' &amp;&amp; Name='Close'"
\0&lt;/a&gt;
W, 4932, 14, 2012/10/18, 16:50:12.724, 52468375474, QTAgent32.exe, &lt;a class=success&gt;Playback - {23} [SUCCESS] MouseButtonClick - "[MSAA, VisibleOnly]ControlType='Client'"
\0&lt;/a&gt;
W, 4932, 14, 2012/10/18, 16:50:12.834, 52468623053, QTAgent32.exe, FindScreenElementInSinglePass : Attempting to find control in one pass of search. Failures can occur.
W, 4932, 14, 2012/10/18, 16:50:13.114, 52469269238, QTAgent32.exe, Playback - [WARNING] Internal failure: Invalid bounding rectangle top location (0) for Name = "Open" ," ControlType = "MenuItem"
\0
W, 4932, 14, 2012/10/18, 16:50:13.114, 52469270284, QTAgent32.exe, Playback - [WARNING] Internal failure: Invalid bounding rectangle size (width = 0, height = 0) for Name = "Open" ," ControlType = "MenuItem"
\0
W, 4932, 14, 2012/10/18, 16:50:13.114, 52469270445, QTAgent32.exe, Playback - [WARNING] Internal failure: Couldn't get clickable point for ScreenUIElement - GetClickablePoint failed
\0
W, 4932, 14, 2012/10/18, 16:50:13.114, 52469271252, QTAgent32.exe, FindScreenElementInSinglePass : Attempting to find control in one pass of search. Failures can occur.
W, 4932, 14, 2012/10/18, 16:50:13.317, 52469711861, QTAgent32.exe, FindScreenElementInSinglePass : Attempting to find control in one pass of search. Failures can occur.
W, 4932, 14, 2012/10/18, 16:50:13.770, 52470718018, QTAgent32.exe, &lt;a class=success&gt;Playback - {24} [SUCCESS] LeftButtonClick - "[MSAA, VisibleOnly]ControlType='ToolBar' &amp;&amp; Name='toolStrip1'"  &lt; Mouse cursor location (387, 139) &gt;
\0&lt;/a&gt;
W, 4932, 14, 2012/10/18, 16:50:14.050, 52471350023, QTAgent32.exe, &lt;a class=success&gt;Playback - {25} [SUCCESS] LeftButtonClick - "[MSAA]ControlType='MenuItem' &amp;&amp; Name='File'"  &lt; Mouse cursor location (126, 139) &gt;
\0&lt;/a&gt;
W, 4932, 14, 2012/10/18, 16:50:20.233, 52485202442, QTAgent32.exe, &lt;a class=success&gt;Playback - {26} [SUCCESS] MouseButtonClick - "[MSAA]ControlType='MenuItem' &amp;&amp; Name='Open'"
\0&lt;/a&gt;
W, 4932, 14, 2012/10/18, 16:50:20.592, 52486020641, QTAgent32.exe, FindScreenElementInSinglePass : Attempting to find control in one pass of search. Failures can occur.
W, 4932, 14, 2012/10/18, 16:50:21.060, 52487056223, QTAgent32.exe, &lt;a class=success&gt;Playback - {27} [SUCCESS] MouseButtonClick - "[MSAA, NextTo]ControlType='TreeItem' &amp;&amp; Name='Desktop' &amp;&amp; Value='1'"
\0&lt;/a&gt;
W, 4932, 14, 2012/10/18, 16:50:21.949, 52489047466, QTAgent32.exe, &lt;a class=success&gt;Playback - {28} [SUCCESS] DoubleClick - "[MSAA, VisibleOnly]ControlType='Image'"  &lt; Mouse cursor location (636, 298) &gt;
\0&lt;/a&gt;
W, 4932, 14, 2012/10/18, 16:50:22.059, 52489294024, QTAgent32.exe, FindNTopWindows : Search will be continued for 12000 even on failure
W, 4932, 14, 2012/10/18, 16:50:22.636, 52490602951, QTAgent32.exe, &lt;a class=success&gt;Playback - {29} [SUCCESS] MouseButtonClick - "[MSAA, VisibleOnly]ControlType='Button' &amp;&amp; Name='Close'"
\0&lt;/a&gt;
W, 4932, 14, 2012/10/18, 16:50:23.073, 52491565281, QTAgent32.exe, &lt;a class=success&gt;Playback - {30} [SUCCESS] MouseButtonClick - "[MSAA, VisibleOnly]ControlType='Button' &amp;&amp; Name='Yes'"
\0&lt;/a&gt;
W, 4932, 14, 2012/10/18, 16:50:23.182, 52491812231, QTAgent32.exe, FindScreenElementInSinglePass : Attempting to find control in one pass of search. Failures can occur.
W, 4932, 14, 2012/10/18, 16:50:23.416, 52492357800, QTAgent32.exe, Playback - [WARNING] Internal failure: Invalid bounding rectangle top location (0) for Name = "Save" ," ControlType = "MenuItem"
\0
W, 4932, 14, 2012/10/18, 16:50:23.416, 52492358947, QTAgent32.exe, Playback - [WARNING] Internal failure: Invalid bounding rectangle size (width = 0, height = 0) for Name = "Save" ," ControlType = "MenuItem"
\0
W, 4932, 14, 2012/10/18, 16:50:23.416, 52492359107, QTAgent32.exe, Playback - [WARNING] Internal failure: Couldn't get clickable point for ScreenUIElement - GetClickablePoint failed
\0
W, 4932, 14, 2012/10/18, 16:50:23.416, 52492359903, QTAgent32.exe, FindScreenElementInSinglePass : Attempting to find control in one pass of search. Failures can occur.
W, 4932, 14, 2012/10/18, 16:50:23.619, 52492795104, QTAgent32.exe, FindScreenElementInSinglePass : Attempting to find control in one pass of search. Failures can occur.
W, 4932, 14, 2012/10/18, 16:50:24.060, 52493777347, QTAgent32.exe, &lt;a class=success&gt;Playback - {31} [SUCCESS] LeftButtonClick - "[MSAA, VisibleOnly]ControlType='ToolBar' &amp;&amp; Name='toolStrip1'"  &lt; Mouse cursor location (387, 139) &gt;
\0&lt;/a&gt;
W, 4932, 14, 2012/10/18, 16:50:24.414, 52494570772, QTAgent32.exe, &lt;a class=success&gt;Playback - {32} [SUCCESS] LeftButtonClick - "[MSAA]ControlType='MenuItem' &amp;&amp; Name='File'"  &lt; Mouse cursor location (126, 139) &gt;
\0&lt;/a&gt;
W, 4932, 14, 2012/10/18, 16:50:24.794, 52495421476, QTAgent32.exe, &lt;a class=success&gt;Playback - {33} [SUCCESS] MouseButtonClick - "[MSAA]ControlType='MenuItem' &amp;&amp; Name='Save'"
\0&lt;/a&gt;
W, 4932, 14, 2012/10/18, 16:50:24.994, 52495870398, QTAgent32.exe, FindScreenElementInSinglePass : Attempting to find control in one pass of search. Failures can occur.
W, 4932, 14, 2012/10/18, 16:50:25.371, 52496738212, QTAgent32.exe, Playback - [WARNING] Internal warning: Couldn't get clickable point for ScreenUIElement since it was obscured by another UI element. See comparison tracing below
\0
W, 4932, 14, 2012/10/18, 16:50:25.558, 52497138238, QTAgent32.exe, FindScreenElementInSinglePass : Attempting to find control in one pass of search. Failures can occur.
W, 4932, 14, 2012/10/18, 16:50:25.574, 52497199960, QTAgent32.exe, FindScreenElementInSinglePass : Attempting to find control in one pass of search. Failures can occur.
W, 4932, 14, 2012/10/18, 16:50:28.179, 52503024915, QTAgent32.exe, &lt;a class=success&gt;Playback - {34} [SUCCESS] MouseButtonClick - "[MSAA, NextTo]ControlType='TreeItem' &amp;&amp; Name='Desktop' &amp;&amp; Value='1'"
\0&lt;/a&gt;
E, 4932, 14, 2012/10/18, 16:50:28.429, 52503589468, QTAgent32.exe, Exception: System.ArgumentException
	Message: Value does not fall within the expected range.
	Stack Trace:    at Accessibility.IAccessible.get_accRole(Object varChild)
   at Microsoft.VisualStudio.TestTools.UITest.Extension.Msaa.AccWrapper.get_RoleInt()
	BaseExceptionMessage: Value does not fall within the expected range.

E, 4932, 14, 2012/10/18, 16:50:28.460, 52503655060, QTAgent32.exe, Exception: System.ArgumentException
	Message: Value does not fall within the expected range.
	Stack Trace:    at Accessibility.IAccessible.get_accRole(Object varChild)
   at Microsoft.VisualStudio.TestTools.UITest.Extension.Msaa.AccWrapper.get_RoleInt()
	BaseExceptionMessage: Value does not fall within the expected range.

W, 4932, 14, 2012/10/18, 16:50:29.115, 52505122201, QTAgent32.exe, &lt;a class=success&gt;Playback - {35} [SUCCESS] LeftButtonClick  &lt; Mouse cursor location (273, 537) &gt;
\0&lt;/a&gt;
W, 4932, 14, 2012/10/18, 16:50:29.817, 52506704402, QTAgent32.exe, &lt;a class=success&gt;Playback - {36} [SUCCESS] SetValueAsEditBox "test3"  &lt; Set via SendKeys &gt;
\0&lt;/a&gt;
W, 4932, 14, 2012/10/18, 16:50:29.817, 52506705138, QTAgent32.exe, &lt;a class=success&gt;Playback - {37} [SUCCESS] SetValueAsComboBox "test3" - "[MSAA, VisibleOnly]ControlType='ComboBox' &amp;&amp; Name='File name:'"  &lt; Set via SetValueAsEditBox &gt;
\0&lt;/a&gt;
W, 4932, 14, 2012/10/18, 16:50:30.270, 52507693648, QTAgent32.exe, &lt;a class=success&gt;Playback - {38} [SUCCESS] MouseButtonClick - "[MSAA, VisibleOnly]ControlType='Button' &amp;&amp; Name='Save'"
\0&lt;/a&gt;
W, 4932, 14, 2012/10/18, 16:50:30.375, 52507930368, QTAgent32.exe, FindScreenElementInSinglePass : Attempting to find control in one pass of search. Failures can occur.
W, 4932, 14, 2012/10/18, 16:50:30.625, 52508502083, QTAgent32.exe, Playback - [WARNING] Internal failure: Invalid bounding rectangle top location (0) for Name = "Close" ," ControlType = "MenuItem"
\0
W, 4932, 14, 2012/10/18, 16:50:30.625, 52508502871, QTAgent32.exe, Playback - [WARNING] Internal failure: Invalid bounding rectangle size (width = 0, height = 0) for Name = "Close" ," ControlType = "MenuItem"
\0
W, 4932, 14, 2012/10/18, 16:50:30.625, 52508503141, QTAgent32.exe, Playback - [WARNING] Internal failure: Couldn't get clickable point for ScreenUIElement - GetClickablePoint failed
\0
W, 4932, 14, 2012/10/18, 16:50:30.625, 52508504061, QTAgent32.exe, FindScreenElementInSinglePass : Attempting to find control in one pass of search. Failures can occur.
W, 4932, 14, 2012/10/18, 16:50:30.825, 52508947509, QTAgent32.exe, FindScreenElementInSinglePass : Attempting to find control in one pass of search. Failures can occur.
W, 4932, 14, 2012/10/18, 16:50:32.884, 52513553069, QTAgent32.exe, &lt;a class=success&gt;Playback - {39} [SUCCESS] LeftButtonClick - "[MSAA, VisibleOnly]ControlType='ToolBar' &amp;&amp; Name='toolStrip1'"  &lt; Mouse cursor location (387, 139) &gt;
\0&lt;/a&gt;
W, 4932, 14, 2012/10/18, 16:50:33.258, 52514393882, QTAgent32.exe, &lt;a class=success&gt;Playback - {40} [SUCCESS] LeftButtonClick - "[MSAA]ControlType='MenuItem' &amp;&amp; Name='File'"  &lt; Mouse cursor location (126, 139) &gt;
\0&lt;/a&gt;
W, 4932, 14, 2012/10/18, 16:50:33.680, 52515334777, QTAgent32.exe, &lt;a class=success&gt;Playback - {41} [SUCCESS] MouseButtonClick - "[MSAA]ControlType='MenuItem' &amp;&amp; Name='Close'"
\0&lt;/a&gt;
W, 4932, 14, 2012/10/18, 16:50:33.820, 52515683147, QTAgent32.exe, IEDOM : StopSession of the plugin called before StartSession
W, 4932, 14, 2012/10/18, 16:50:33.836, 52515683530, QTAgent32.exe, UIA : StopSession of the plugin called before StartSession
</DebugTrace>
      </Output>
      <CollectorDataEntries>
        <Collector agentName="AZELOSWIN" uri="datacollector://microsoft/SystemInfo/1.0" collectorDisplayName="System Information">
          <UriAttachments>
            <UriAttachment>
              <A href="AZELOSWIN\SystemInformation.xml">System Information from AZELOSWIN</A>
            </UriAttachment>
          </UriAttachments>
        </Collector>
        <Collector agentName="AZELOSWIN" uri="datacollector://microsoft/TestImpact/1.0" collectorDisplayName="Test Impact">
          <UriAttachments>
            <UriAttachment>
              <A href="AZELOSWIN\testimpact.xml">Test Impact Data</A>
            </UriAttachment>
          </UriAttachments>
        </Collector>
      </CollectorDataEntries>
    </UnitTestResult>
  </Results>
</TestRun>