<?xml version="1.0" encoding="UTF-8"?>
<TestRun id="fa84689b-4fb4-4a44-969d-6722f1c874a5" name="Azelos@AZELOSWIN 2012-10-18 17:21:20" runUser="AzelosWin\Azelos" xmlns="http://microsoft.com/schemas/VisualStudio/TeamTest/2010">
  <TestSettings name="Trace and Test Impact" id="15b2e144-c902-46f0-b6f1-3216785c3fe6">
    <Description>These are test settings for Trace and Test Impact.</Description>
    <Execution>
      <TestTypeSpecific>
        <UnitTestRunConfig testTypeId="13cdc9d9-ddb5-4fa4-a97d-d965ccfc6d4b">
          <AssemblyResolution>
            <TestDirectory useLoadContext="true" />
          </AssemblyResolution>
        </UnitTestRunConfig>
        <WebTestRunConfiguration testTypeId="4e7599fa-5ecb-43e9-a887-cd63cf72d207">
          <Browser name="Internet Explorer 7.0">
            <Headers>
              <Header name="User-Agent" value="Mozilla/4.0 (compatible; MSIE 7.0; Windows NT 5.1)" />
              <Header name="Accept" value="*/*" />
              <Header name="Accept-Language" value="{{$IEAcceptLanguage}}" />
              <Header name="Accept-Encoding" value="GZIP" />
            </Headers>
          </Browser>
        </WebTestRunConfiguration>
      </TestTypeSpecific>
      <AgentRule name="LocalMachineDefaultRole">
        <DataCollectors>
          <DataCollector uri="datacollector://microsoft/SystemInfo/1.0" assemblyQualifiedName="Microsoft.VisualStudio.TestTools.DataCollection.SystemInfo.SystemInfoDataCollector, Microsoft.VisualStudio.TestTools.DataCollection.SystemInfo, Version=10.0.0.0, Culture=neutral, PublicKeyToken=b03f5f7f11d50a3a" friendlyName="System Information">
          </DataCollector>
          <DataCollector uri="datacollector://microsoft/HttpProxy/1.0" assemblyQualifiedName="Microsoft.VisualStudio.TraceCollector.HttpProxyCollector, Microsoft.VisualStudio.TraceCollector, Version=10.0.0.0, Culture=neutral, PublicKeyToken=b03f5f7f11d50a3a" friendlyName="ASP.NET Client Proxy for IntelliTrace and Test Impact">
          </DataCollector>
          <DataCollector uri="datacollector://microsoft/TestImpact/1.0" assemblyQualifiedName="Microsoft.VisualStudio.TraceCollector.TestImpactDataCollector, Microsoft.VisualStudio.TraceCollector, Version=10.0.0.0, Culture=neutral, PublicKeyToken=b03f5f7f11d50a3a" friendlyName="Test Impact">
          </DataCollector>
          <DataCollector uri="datacollector://microsoft/TraceDebugger/1.0" assemblyQualifiedName="Microsoft.VisualStudio.TraceCollector.TraceDebuggerDataCollector, Microsoft.VisualStudio.TraceCollector, Version=10.0.0.0, Culture=neutral, PublicKeyToken=b03f5f7f11d50a3a" friendlyName="IntelliTrace">
          </DataCollector>
          <DataCollector uri="datacollector://microsoft/CodeCoverage/1.0" assemblyQualifiedName="Microsoft.VisualStudio.TestTools.CodeCoverage.CoveragePlugIn, Microsoft.VisualStudio.QualityTools.Plugins.CodeCoverage, Version=10.0.0.0, Culture=neutral, PublicKeyToken=b03f5f7f11d50a3a" friendlyName="Code Coverage">
            <Configuration>
              <CodeCoverage xmlns="">
                <Regular>
                  <CodeCoverageItem binaryFile="C:\Users\Azelos\Documents\Visual Studio 2010\Projects\PS6\SpreadsheetGUI\bin\Debug\SpreadsheetGUI.exe" pdbFile="C:\Users\Azelos\Documents\Visual Studio 2010\Projects\PS6\SpreadsheetGUI\bin\Debug\SpreadsheetGUI.instr.pdb" instrumentInPlace="true" />
                </Regular>
              </CodeCoverage>
            </Configuration>
          </DataCollector>
        </DataCollectors>
      </AgentRule>
    </Execution>
    <Deployment runDeploymentRoot="Azelos_AZELOSWIN 2012-10-18 17_21_20" />
  </TestSettings>
  <Times creation="2012-10-18T17:21:20.2532118-06:00" queuing="2012-10-18T17:21:20.5964124-06:00" start="2012-10-18T17:21:23.6894250-06:00" finish="2012-10-18T17:21:36.1192527-06:00" />
  <ResultSummary outcome="Completed">
    <Counters total="1" executed="1" passed="1" error="0" failed="0" timeout="0" aborted="0" inconclusive="0" passedButRunAborted="0" notRunnable="0" notExecuted="0" disconnected="0" warning="0" completed="0" inProgress="0" pending="0" />
    <ResultFiles>
      <ResultFile path="AZELOSWIN\data.coverage" />
    </ResultFiles>
    <CollectorDataEntries>
      <Collector agentName="AZELOSWIN" uri="datacollector://microsoft/SystemInfo/1.0" collectorDisplayName="System Information">
        <UriAttachments>
          <UriAttachment>
            <A href="AZELOSWIN\SystemInformation.xml">System Information from AZELOSWIN</A>
          </UriAttachment>
        </UriAttachments>
      </Collector>
    </CollectorDataEntries>
  </ResultSummary>
  <TestDefinitions>
    <UnitTest name="CodedUITestMethod1" storage="c:\users\azelos\documents\visual studio 2010\projects\ps6\spreadsheetguitests\bin\debug\spreadsheetguitests.dll" id="de3240a6-47c2-08a3-9313-a359b755b64a">
      <Execution id="38b83b68-baac-4c2f-949c-77d6957f4566" />
      <TestMethod codeBase="C:/Users/Azelos/Documents/Visual Studio 2010/Projects/PS6/SpreadsheetGUITests/bin/Debug/SpreadsheetGUITests.DLL" adapterTypeName="Microsoft.VisualStudio.TestTools.TestTypes.Unit.UnitTestAdapter, Microsoft.VisualStudio.QualityTools.Tips.UnitTest.Adapter, Version=10.0.0.0, Culture=neutral, PublicKeyToken=b03f5f7f11d50a3a" className="SpreadsheetGUITests.Test3, SpreadsheetGUITests, Version=1.0.0.0, Culture=neutral, PublicKeyToken=null" name="CodedUITestMethod1" />
      <Extension>Microsoft.VisualStudio.TestTools.UITesting.CodedUITestAttribute, Microsoft.VisualStudio.QualityTools.CodedUITestFramework, Version=10.0.0.0, Culture=neutral, PublicKeyToken=b03f5f7f11d50a3a</Extension>
    </UnitTest>
  </TestDefinitions>
  <TestLists>
    <TestList name="Results Not in a List" id="8c84fa94-04c1-424b-9868-57a2d4851a1d" />
    <TestList name="All Loaded Results" id="19431567-8539-422a-85d7-44ee4e166bda" />
  </TestLists>
  <TestEntries>
    <TestEntry testId="de3240a6-47c2-08a3-9313-a359b755b64a" executionId="38b83b68-baac-4c2f-949c-77d6957f4566" testListId="8c84fa94-04c1-424b-9868-57a2d4851a1d" />
  </TestEntries>
  <Results>
    <UnitTestResult executionId="38b83b68-baac-4c2f-949c-77d6957f4566" testId="de3240a6-47c2-08a3-9313-a359b755b64a" testName="CodedUITestMethod1" computerName="AZELOSWIN" duration="00:00:09.0596944" startTime="2012-10-18T17:21:23.9546254-06:00" endTime="2012-10-18T17:21:34.2004494-06:00" testType="13cdc9d9-ddb5-4fa4-a97d-d965ccfc6d4b" outcome="Passed" testListId="8c84fa94-04c1-424b-9868-57a2d4851a1d" relativeResultsDirectory="38b83b68-baac-4c2f-949c-77d6957f4566">
      <Output>
        <DebugTrace>E, 4852, 14, 2012/10/18, 17:21:27.651, 56670108589, QTAgent32.exe, LoadLibrary() : Unable to find the resource 37382 from assembly C:\Windows\system32\en-US\ieframe.dll.mui: Error1814
E, 4852, 14, 2012/10/18, 17:21:27.651, 56670115325, QTAgent32.exe, LoadLibrary() : Unable to find the resource 41728 from assembly C:\Windows\system32\en-US\ieframe.dll.mui: Error1814
E, 4852, 14, 2012/10/18, 17:21:27.651, 56670115867, QTAgent32.exe, LoadLibrary() : Unable to find the resource 8131 from assembly C:\Windows\system32\en-US\ieframe.dll.mui: Error1814
E, 4852, 14, 2012/10/18, 17:21:27.651, 56670116359, QTAgent32.exe, LoadLibrary() : Unable to find the resource 8131 from assembly C:\Windows\system32\en-US\ieframe.dll.mui: Error1814
E, 4852, 14, 2012/10/18, 17:21:27.651, 56670117249, QTAgent32.exe, LoadLibrary() : Unable to find the resource 8131 from assembly C:\Windows\system32\en-US\ieframe.dll.mui: Error1814
E, 4852, 14, 2012/10/18, 17:21:27.651, 56670118327, QTAgent32.exe, LoadLibrary() : Unable to find the resource 803 from assembly C:\Windows\system32\en-US\user32.dll.mui: Error1814
W, 4852, 14, 2012/10/18, 17:21:27.994, 56670876100, QTAgent32.exe, &lt;a class=success&gt;Playback - {1} [SUCCESS] SetValueAsEditBox "5" - "[MSAA, VisibleOnly]ControlType='Edit'"  &lt; Set via SendKeys &gt;
\0&lt;/a&gt;
W, 4852, 14, 2012/10/18, 17:21:28.354, 56671666208, QTAgent32.exe, &lt;a class=success&gt;Playback - {2} [SUCCESS] SendKeys "{Enter}" - "[MSAA, VisibleOnly]ControlType='Edit'"
\0&lt;/a&gt;
W, 4852, 14, 2012/10/18, 17:21:29.013, 56673146243, QTAgent32.exe, &lt;a class=success&gt;Playback - {3} [SUCCESS] MouseButtonClick - "[MSAA, VisibleOnly]ControlType='Client'"
\0&lt;/a&gt;
W, 4852, 14, 2012/10/18, 17:21:29.393, 56673994761, QTAgent32.exe, &lt;a class=success&gt;Playback - {4} [SUCCESS] SetValueAsEditBox "5" - "[MSAA, VisibleOnly]ControlType='Edit'"  &lt; Set via SendKeys &gt;
\0&lt;/a&gt;
W, 4852, 14, 2012/10/18, 17:21:29.682, 56674645994, QTAgent32.exe, &lt;a class=success&gt;Playback - {5} [SUCCESS] SendKeys "{Enter}" - "[MSAA, VisibleOnly]ControlType='Edit'"
\0&lt;/a&gt;
W, 4852, 14, 2012/10/18, 17:21:30.075, 56675522689, QTAgent32.exe, &lt;a class=success&gt;Playback - {6} [SUCCESS] MouseButtonClick - "[MSAA, VisibleOnly]ControlType='Client'"
\0&lt;/a&gt;
W, 4852, 14, 2012/10/18, 17:21:30.585, 56676669900, QTAgent32.exe, &lt;a class=success&gt;Playback - {7} [SUCCESS] SetValueAsEditBox "A1+B1" - "[MSAA, VisibleOnly]ControlType='Edit'"  &lt; Set via SendKeys &gt;
\0&lt;/a&gt;
W, 4852, 14, 2012/10/18, 17:21:30.695, 56676917920, QTAgent32.exe, FindScreenElementInSinglePass : Attempting to find control in one pass of search. Failures can occur.
W, 4852, 14, 2012/10/18, 17:21:31.033, 56677694810, QTAgent32.exe, Playback - [WARNING] Internal failure: Invalid bounding rectangle top location (0) for Name = "Close" ," ControlType = "MenuItem"
\0
W, 4852, 14, 2012/10/18, 17:21:31.033, 56677696026, QTAgent32.exe, Playback - [WARNING] Internal failure: Invalid bounding rectangle size (width = 0, height = 0) for Name = "Close" ," ControlType = "MenuItem"
\0
W, 4852, 14, 2012/10/18, 17:21:31.033, 56677696193, QTAgent32.exe, Playback - [WARNING] Internal failure: Couldn't get clickable point for ScreenUIElement - GetClickablePoint failed
\0
W, 4852, 14, 2012/10/18, 17:21:31.033, 56677698005, QTAgent32.exe, FindScreenElementInSinglePass : Attempting to find control in one pass of search. Failures can occur.
W, 4852, 14, 2012/10/18, 17:21:31.252, 56678190601, QTAgent32.exe, FindScreenElementInSinglePass : Attempting to find control in one pass of search. Failures can occur.
W, 4852, 14, 2012/10/18, 17:21:31.704, 56679176248, QTAgent32.exe, &lt;a class=success&gt;Playback - {8} [SUCCESS] LeftButtonClick - "[MSAA, VisibleOnly]ControlType='ToolBar' &amp;&amp; Name='toolStrip1'"  &lt; Mouse cursor location (387, 139) &gt;
\0&lt;/a&gt;
W, 4852, 14, 2012/10/18, 17:21:32.032, 56679908545, QTAgent32.exe, &lt;a class=success&gt;Playback - {9} [SUCCESS] LeftButtonClick - "[MSAA]ControlType='MenuItem' &amp;&amp; Name='File'"  &lt; Mouse cursor location (126, 139) &gt;
\0&lt;/a&gt;
W, 4852, 14, 2012/10/18, 17:21:32.531, 56681025952, QTAgent32.exe, &lt;a class=success&gt;Playback - {10} [SUCCESS] MouseButtonClick - "[MSAA]ControlType='MenuItem' &amp;&amp; Name='Close'"
\0&lt;/a&gt;
W, 4852, 14, 2012/10/18, 17:21:32.999, 56682075442, QTAgent32.exe, &lt;a class=success&gt;Playback - {11} [SUCCESS] MouseButtonClick - "[MSAA, VisibleOnly]ControlType='Button' &amp;&amp; Name='Yes'"
\0&lt;/a&gt;
W, 4852, 14, 2012/10/18, 17:21:33.404, 56682984423, QTAgent32.exe, &lt;a class=success&gt;Playback - {12} [SUCCESS] MouseButtonClick - "[MSAA, VisibleOnly]ControlType='Button' &amp;&amp; Name='Yes'"
\0&lt;/a&gt;
W, 4852, 14, 2012/10/18, 17:21:33.576, 56683372778, QTAgent32.exe, IEDOM : StopSession of the plugin called before StartSession
W, 4852, 14, 2012/10/18, 17:21:33.576, 56683373039, QTAgent32.exe, UIA : StopSession of the plugin called before StartSession
</DebugTrace>
      </Output>
      <CollectorDataEntries>
        <Collector agentName="AZELOSWIN" uri="datacollector://microsoft/SystemInfo/1.0" collectorDisplayName="System Information">
          <UriAttachments>
            <UriAttachment>
              <A href="AZELOSWIN\SystemInformation.xml">System Information from AZELOSWIN</A>
            </UriAttachment>
          </UriAttachments>
        </Collector>
        <Collector agentName="AZELOSWIN" uri="datacollector://microsoft/TestImpact/1.0" collectorDisplayName="Test Impact">
          <UriAttachments>
            <UriAttachment>
              <A href="AZELOSWIN\testimpact.xml">Test Impact Data</A>
            </UriAttachment>
          </UriAttachments>
        </Collector>
      </CollectorDataEntries>
    </UnitTestResult>
  </Results>
</TestRun>