<?xml version="1.0" encoding="UTF-8"?>
<TestRun id="4c34f6a4-dc45-48d0-bdc4-752f5de6c132" name="Azelos@AZELOSWIN 2012-10-18 17:39:21" runUser="AzelosWin\Azelos" xmlns="http://microsoft.com/schemas/VisualStudio/TeamTest/2010">
  <TestSettings name="Trace and Test Impact" id="15b2e144-c902-46f0-b6f1-3216785c3fe6">
    <Description>These are test settings for Trace and Test Impact.</Description>
    <Deployment userDeploymentRoot="C:\Users\Azelos\Documents\Visual Studio 2010\Projects\PS6\TestResults" useDefaultDeploymentRoot="false" runDeploymentRoot="Azelos_AZELOSWIN 2012-10-18 17_39_21" />
    <Execution>
      <TestTypeSpecific>
        <UnitTestRunConfig testTypeId="13cdc9d9-ddb5-4fa4-a97d-d965ccfc6d4b">
          <AssemblyResolution>
            <TestDirectory useLoadContext="true" />
          </AssemblyResolution>
        </UnitTestRunConfig>
        <WebTestRunConfiguration testTypeId="4e7599fa-5ecb-43e9-a887-cd63cf72d207">
          <Browser name="Internet Explorer 7.0">
            <Headers>
              <Header name="User-Agent" value="Mozilla/4.0 (compatible; MSIE 7.0; Windows NT 5.1)" />
              <Header name="Accept" value="*/*" />
              <Header name="Accept-Language" value="{{$IEAcceptLanguage}}" />
              <Header name="Accept-Encoding" value="GZIP" />
            </Headers>
          </Browser>
        </WebTestRunConfiguration>
      </TestTypeSpecific>
      <AgentRule name="LocalMachineDefaultRole">
        <DataCollectors>
          <DataCollector uri="datacollector://microsoft/SystemInfo/1.0" assemblyQualifiedName="Microsoft.VisualStudio.TestTools.DataCollection.SystemInfo.SystemInfoDataCollector, Microsoft.VisualStudio.TestTools.DataCollection.SystemInfo, Version=10.0.0.0, Culture=neutral, PublicKeyToken=b03f5f7f11d50a3a" friendlyName="System Information">
          </DataCollector>
          <DataCollector uri="datacollector://microsoft/HttpProxy/1.0" assemblyQualifiedName="Microsoft.VisualStudio.TraceCollector.HttpProxyCollector, Microsoft.VisualStudio.TraceCollector, Version=10.0.0.0, Culture=neutral, PublicKeyToken=b03f5f7f11d50a3a" friendlyName="ASP.NET Client Proxy for IntelliTrace and Test Impact">
          </DataCollector>
          <DataCollector uri="datacollector://microsoft/TestImpact/1.0" assemblyQualifiedName="Microsoft.VisualStudio.TraceCollector.TestImpactDataCollector, Microsoft.VisualStudio.TraceCollector, Version=10.0.0.0, Culture=neutral, PublicKeyToken=b03f5f7f11d50a3a" friendlyName="Test Impact">
          </DataCollector>
          <DataCollector uri="datacollector://microsoft/TraceDebugger/1.0" assemblyQualifiedName="Microsoft.VisualStudio.TraceCollector.TraceDebuggerDataCollector, Microsoft.VisualStudio.TraceCollector, Version=10.0.0.0, Culture=neutral, PublicKeyToken=b03f5f7f11d50a3a" friendlyName="IntelliTrace">
          </DataCollector>
          <DataCollector uri="datacollector://microsoft/CodeCoverage/1.0" assemblyQualifiedName="Microsoft.VisualStudio.TestTools.CodeCoverage.CoveragePlugIn, Microsoft.VisualStudio.QualityTools.Plugins.CodeCoverage, Version=10.0.0.0, Culture=neutral, PublicKeyToken=b03f5f7f11d50a3a" friendlyName="Code Coverage">
          </DataCollector>
        </DataCollectors>
      </AgentRule>
    </Execution>
  </TestSettings>
  <Times creation="2012-10-18T17:39:21.6994740-06:00" queuing="2012-10-18T17:39:21.8866744-06:00" start="2012-10-18T17:39:24.7399623-06:00" finish="2012-10-18T17:40:19.5336201-06:00" />
  <ResultSummary outcome="Completed">
    <Counters total="1" executed="1" passed="1" error="0" failed="0" timeout="0" aborted="0" inconclusive="0" passedButRunAborted="0" notRunnable="0" notExecuted="0" disconnected="0" warning="0" completed="0" inProgress="0" pending="0" />
    <CollectorDataEntries>
      <Collector agentName="AZELOSWIN" uri="datacollector://microsoft/SystemInfo/1.0" collectorDisplayName="System Information">
        <UriAttachments>
          <UriAttachment>
            <A href="AZELOSWIN\SystemInformation.xml">System Information from AZELOSWIN</A>
          </UriAttachment>
        </UriAttachments>
      </Collector>
    </CollectorDataEntries>
  </ResultSummary>
  <TestDefinitions>
    <UnitTest name="CodedUITestMethod1" storage="c:\users\azelos\documents\visual studio 2010\projects\ps6\spreadsheetguitests\bin\debug\spreadsheetguitests.dll" id="747a1fff-db9b-12f6-10df-ab9ae050978f">
      <Execution id="a7237ca6-768c-4489-a95e-56e9c578825f" />
      <TestMethod codeBase="C:/Users/Azelos/Documents/Visual Studio 2010/Projects/PS6/SpreadsheetGUITests/bin/Debug/SpreadsheetGUITests.DLL" adapterTypeName="Microsoft.VisualStudio.TestTools.TestTypes.Unit.UnitTestAdapter, Microsoft.VisualStudio.QualityTools.Tips.UnitTest.Adapter, Version=10.0.0.0, Culture=neutral, PublicKeyToken=b03f5f7f11d50a3a" className="SpreadsheetGUITests.Test2, SpreadsheetGUITests, Version=1.0.0.0, Culture=neutral, PublicKeyToken=null" name="CodedUITestMethod1" />
      <Extension>Microsoft.VisualStudio.TestTools.UITesting.CodedUITestAttribute, Microsoft.VisualStudio.QualityTools.CodedUITestFramework, Version=10.0.0.0, Culture=neutral, PublicKeyToken=b03f5f7f11d50a3a</Extension>
    </UnitTest>
  </TestDefinitions>
  <TestLists>
    <TestList name="Results Not in a List" id="8c84fa94-04c1-424b-9868-57a2d4851a1d" />
    <TestList name="All Loaded Results" id="19431567-8539-422a-85d7-44ee4e166bda" />
  </TestLists>
  <TestEntries>
    <TestEntry testId="747a1fff-db9b-12f6-10df-ab9ae050978f" executionId="a7237ca6-768c-4489-a95e-56e9c578825f" testListId="8c84fa94-04c1-424b-9868-57a2d4851a1d" />
  </TestEntries>
  <Results>
    <UnitTestResult executionId="a7237ca6-768c-4489-a95e-56e9c578825f" testId="747a1fff-db9b-12f6-10df-ab9ae050978f" testName="CodedUITestMethod1" computerName="AZELOSWIN" duration="00:00:53.0027303" startTime="2012-10-18T17:39:25.0019773-06:00" endTime="2012-10-18T17:40:19.2372195-06:00" testType="13cdc9d9-ddb5-4fa4-a97d-d965ccfc6d4b" outcome="Passed" testListId="8c84fa94-04c1-424b-9868-57a2d4851a1d" relativeResultsDirectory="a7237ca6-768c-4489-a95e-56e9c578825f">
      <Output>
        <DebugTrace>W, 1228, 14, 2012/10/18, 17:39:28.705, 59092734852, QTAgent32.exe, &lt;a class=success&gt;Playback - {1} [SUCCESS] MouseButtonClick - "[MSAA, VisibleOnly]ControlType='Client'"
\0&lt;/a&gt;
W, 1228, 14, 2012/10/18, 17:39:29.158, 59093751154, QTAgent32.exe, &lt;a class=success&gt;Playback - {2} [SUCCESS] SendKeys "3" - "[MSAA, VisibleOnly]ControlType='Edit'"
\0&lt;/a&gt;
W, 1228, 14, 2012/10/18, 17:39:29.418, 59094333504, QTAgent32.exe, &lt;a class=success&gt;Playback - {3} [SUCCESS] SendKeys "3" - "[MSAA, VisibleOnly]ControlType='Edit'"
\0&lt;/a&gt;
E, 1228, 14, 2012/10/18, 17:39:29.738, 59095051001, QTAgent32.exe, LoadLibrary() : Unable to find the resource 37382 from assembly C:\Windows\system32\en-US\ieframe.dll.mui: Error1814
E, 1228, 14, 2012/10/18, 17:39:29.739, 59095052095, QTAgent32.exe, LoadLibrary() : Unable to find the resource 41728 from assembly C:\Windows\system32\en-US\ieframe.dll.mui: Error1814
E, 1228, 14, 2012/10/18, 17:39:29.739, 59095052599, QTAgent32.exe, LoadLibrary() : Unable to find the resource 8131 from assembly C:\Windows\system32\en-US\ieframe.dll.mui: Error1814
E, 1228, 14, 2012/10/18, 17:39:29.739, 59095053181, QTAgent32.exe, LoadLibrary() : Unable to find the resource 8131 from assembly C:\Windows\system32\en-US\ieframe.dll.mui: Error1814
E, 1228, 14, 2012/10/18, 17:39:29.740, 59095054065, QTAgent32.exe, LoadLibrary() : Unable to find the resource 8131 from assembly C:\Windows\system32\en-US\ieframe.dll.mui: Error1814
E, 1228, 14, 2012/10/18, 17:39:29.740, 59095055073, QTAgent32.exe, LoadLibrary() : Unable to find the resource 803 from assembly C:\Windows\system32\en-US\user32.dll.mui: Error1814
W, 1228, 14, 2012/10/18, 17:39:30.034, 59095713394, QTAgent32.exe, &lt;a class=success&gt;Playback - {4} [SUCCESS] SetValueAsEditBox "3" - "[MSAA, VisibleOnly]ControlType='Edit'"  &lt; Set via SendKeys &gt;
\0&lt;/a&gt;
W, 1228, 14, 2012/10/18, 17:39:30.311, 59096334395, QTAgent32.exe, &lt;a class=success&gt;Playback - {5} [SUCCESS] SendKeys "{Enter}" - "[MSAA, VisibleOnly]ControlType='Edit'"
\0&lt;/a&gt;
W, 1228, 14, 2012/10/18, 17:39:30.618, 59097022865, QTAgent32.exe, &lt;a class=success&gt;Playback - {6} [SUCCESS] MouseButtonClick - "[MSAA, VisibleOnly]ControlType='Client'"
\0&lt;/a&gt;
W, 1228, 14, 2012/10/18, 17:39:31.014, 59097910700, QTAgent32.exe, &lt;a class=success&gt;Playback - {7} [SUCCESS] SetValueAsEditBox "4" - "[MSAA, VisibleOnly]ControlType='Edit'"  &lt; Set via SendKeys &gt;
\0&lt;/a&gt;
W, 1228, 14, 2012/10/18, 17:39:31.284, 59098514689, QTAgent32.exe, &lt;a class=success&gt;Playback - {8} [SUCCESS] SendKeys "{Enter}" - "[MSAA, VisibleOnly]ControlType='Edit'"
\0&lt;/a&gt;
W, 1228, 14, 2012/10/18, 17:39:31.566, 59099147460, QTAgent32.exe, &lt;a class=success&gt;Playback - {9} [SUCCESS] MouseButtonClick - "[MSAA, VisibleOnly]ControlType='Client'"
\0&lt;/a&gt;
W, 1228, 14, 2012/10/18, 17:39:31.970, 59100053480, QTAgent32.exe, &lt;a class=success&gt;Playback - {10} [SUCCESS] SetValueAsEditBox "=" - "[MSAA, VisibleOnly]ControlType='Edit'"  &lt; Set via SendKeys &gt;
\0&lt;/a&gt;
W, 1228, 14, 2012/10/18, 17:39:32.240, 59100657834, QTAgent32.exe, &lt;a class=success&gt;Playback - {11} [SUCCESS] SendKeys "A" - "[MSAA, VisibleOnly]ControlType='Edit'"
\0&lt;/a&gt;
W, 1228, 14, 2012/10/18, 17:39:32.852, 59102028806, QTAgent32.exe, &lt;a class=success&gt;Playback - {12} [SUCCESS] MouseButtonClick - "[MSAA, VisibleOnly]ControlType='Client'"
\0&lt;/a&gt;
W, 1228, 14, 2012/10/18, 17:39:33.154, 59102705756, QTAgent32.exe, &lt;a class=success&gt;Playback - {13} [SUCCESS] SendKeys "^{HOME}" - "[MSAA, VisibleOnly]ControlType='Edit'"
\0&lt;/a&gt;
E, 1228, 14, 2012/10/18, 17:39:33.157, 59102711727, QTAgent32.exe, Msaa.GetFocusedElement: could not find accessible object of foreground window
W, 1228, 14, 2012/10/18, 17:39:33.252, 59102925410, QTAgent32.exe, &lt;a class=success&gt;Playback - {14} [SUCCESS] SendKeys "^+{END}" - "[MSAA, VisibleOnly]ControlType='Edit'"
\0&lt;/a&gt;
E, 1228, 14, 2012/10/18, 17:39:33.252, 59102926237, QTAgent32.exe, Msaa.GetFocusedElement: could not find accessible object of foreground window
W, 1228, 14, 2012/10/18, 17:39:33.298, 59103029332, QTAgent32.exe, &lt;a class=success&gt;Playback - {15} [SUCCESS] SendKeys "{DELETE}" - "[MSAA, VisibleOnly]ControlType='Edit'"
\0&lt;/a&gt;
W, 1228, 14, 2012/10/18, 17:39:33.541, 59103572791, QTAgent32.exe, &lt;a class=success&gt;Playback - {16} [SUCCESS] SetValueAsEditBox "A1+B1" - "[MSAA, VisibleOnly]ControlType='Edit'"  &lt; Set via SendKeys &gt;
\0&lt;/a&gt;
W, 1228, 14, 2012/10/18, 17:39:33.795, 59104142244, QTAgent32.exe, &lt;a class=success&gt;Playback - {17} [SUCCESS] MouseButtonClick - "[MSAA, VisibleOnly]ControlType='Client'"
\0&lt;/a&gt;
W, 1228, 14, 2012/10/18, 17:39:34.277, 59105223130, QTAgent32.exe, &lt;a class=success&gt;Playback - {18} [SUCCESS] SetValueAsEditBox "B1+C1" - "[MSAA, VisibleOnly]ControlType='Edit'"  &lt; Set via SendKeys &gt;
\0&lt;/a&gt;
W, 1228, 14, 2012/10/18, 17:39:34.390, 59105475580, QTAgent32.exe, FindScreenElementInSinglePass : Attempting to find control in one pass of search. Failures can occur.
W, 1228, 14, 2012/10/18, 17:39:34.738, 59106256058, QTAgent32.exe, Playback - [WARNING] Internal failure: Invalid bounding rectangle top location (0) for Name = "New" ," ControlType = "MenuItem"
\0
W, 1228, 14, 2012/10/18, 17:39:34.739, 59106257115, QTAgent32.exe, Playback - [WARNING] Internal failure: Invalid bounding rectangle size (width = 0, height = 0) for Name = "New" ," ControlType = "MenuItem"
\0
W, 1228, 14, 2012/10/18, 17:39:34.739, 59106257283, QTAgent32.exe, Playback - [WARNING] Internal failure: Couldn't get clickable point for ScreenUIElement - GetClickablePoint failed
\0
W, 1228, 14, 2012/10/18, 17:39:34.739, 59106259059, QTAgent32.exe, FindScreenElementInSinglePass : Attempting to find control in one pass of search. Failures can occur.
W, 1228, 14, 2012/10/18, 17:39:34.935, 59106698088, QTAgent32.exe, FindScreenElementInSinglePass : Attempting to find control in one pass of search. Failures can occur.
W, 1228, 14, 2012/10/18, 17:39:35.158, 59107197794, QTAgent32.exe, &lt;a class=success&gt;Playback - {19} [SUCCESS] LeftButtonClick - "[MSAA, VisibleOnly]ControlType='ToolBar' &amp;&amp; Name='toolStrip1'"  &lt; Mouse cursor location (357, 109) &gt;
\0&lt;/a&gt;
W, 1228, 14, 2012/10/18, 17:39:35.442, 59107833808, QTAgent32.exe, &lt;a class=success&gt;Playback - {20} [SUCCESS] LeftButtonClick - "[MSAA]ControlType='MenuItem' &amp;&amp; Name='File'"  &lt; Mouse cursor location (96, 109) &gt;
\0&lt;/a&gt;
W, 1228, 14, 2012/10/18, 17:39:35.953, 59108978655, QTAgent32.exe, &lt;a class=success&gt;Playback - {21} [SUCCESS] MouseButtonClick - "[MSAA]ControlType='MenuItem' &amp;&amp; Name='New'"
\0&lt;/a&gt;
W, 1228, 14, 2012/10/18, 17:39:36.063, 59109225745, QTAgent32.exe, FindNTopWindows : Search will be continued for 12000 even on failure
W, 1228, 14, 2012/10/18, 17:39:36.325, 59109813005, QTAgent32.exe, &lt;a class=success&gt;Playback - {22} [SUCCESS] MouseButtonClick - "[MSAA, VisibleOnly]ControlType='Button' &amp;&amp; Name='Close'"
\0&lt;/a&gt;
W, 1228, 14, 2012/10/18, 17:39:37.440, 59112311790, QTAgent32.exe, &lt;a class=success&gt;Playback - {23} [SUCCESS] MouseButtonClick - "[MSAA, VisibleOnly]ControlType='Client'"
\0&lt;/a&gt;
W, 1228, 14, 2012/10/18, 17:39:37.542, 59112540618, QTAgent32.exe, FindScreenElementInSinglePass : Attempting to find control in one pass of search. Failures can occur.
W, 1228, 14, 2012/10/18, 17:39:37.879, 59113294516, QTAgent32.exe, Playback - [WARNING] Internal failure: Invalid bounding rectangle top location (0) for Name = "Open" ," ControlType = "MenuItem"
\0
W, 1228, 14, 2012/10/18, 17:39:37.879, 59113296095, QTAgent32.exe, Playback - [WARNING] Internal failure: Invalid bounding rectangle size (width = 0, height = 0) for Name = "Open" ," ControlType = "MenuItem"
\0
W, 1228, 14, 2012/10/18, 17:39:37.879, 59113296299, QTAgent32.exe, Playback - [WARNING] Internal failure: Couldn't get clickable point for ScreenUIElement - GetClickablePoint failed
\0
W, 1228, 14, 2012/10/18, 17:39:37.880, 59113297133, QTAgent32.exe, FindScreenElementInSinglePass : Attempting to find control in one pass of search. Failures can occur.
W, 1228, 14, 2012/10/18, 17:39:38.103, 59113798266, QTAgent32.exe, FindScreenElementInSinglePass : Attempting to find control in one pass of search. Failures can occur.
W, 1228, 14, 2012/10/18, 17:39:38.324, 59114293280, QTAgent32.exe, &lt;a class=success&gt;Playback - {24} [SUCCESS] LeftButtonClick - "[MSAA, VisibleOnly]ControlType='ToolBar' &amp;&amp; Name='toolStrip1'"  &lt; Mouse cursor location (357, 109) &gt;
\0&lt;/a&gt;
W, 1228, 14, 2012/10/18, 17:39:38.668, 59115064124, QTAgent32.exe, &lt;a class=success&gt;Playback - {25} [SUCCESS] LeftButtonClick - "[MSAA]ControlType='MenuItem' &amp;&amp; Name='File'"  &lt; Mouse cursor location (96, 109) &gt;
\0&lt;/a&gt;
W, 1228, 14, 2012/10/18, 17:39:44.876, 59128974951, QTAgent32.exe, &lt;a class=success&gt;Playback - {26} [SUCCESS] MouseButtonClick - "[MSAA]ControlType='MenuItem' &amp;&amp; Name='Open'"
\0&lt;/a&gt;
W, 1228, 14, 2012/10/18, 17:39:45.250, 59129833138, QTAgent32.exe, FindScreenElementInSinglePass : Attempting to find control in one pass of search. Failures can occur.
W, 1228, 14, 2012/10/18, 17:39:45.718, 59130863633, QTAgent32.exe, &lt;a class=success&gt;Playback - {27} [SUCCESS] MouseButtonClick - "[MSAA, NextTo]ControlType='TreeItem' &amp;&amp; Name='Desktop' &amp;&amp; Value='1'"
\0&lt;/a&gt;
W, 1228, 14, 2012/10/18, 17:39:46.530, 59132680623, QTAgent32.exe, &lt;a class=success&gt;Playback - {28} [SUCCESS] DoubleClick - "[MSAA, VisibleOnly]ControlType='Image'"  &lt; Mouse cursor location (606, 298) &gt;
\0&lt;/a&gt;
W, 1228, 14, 2012/10/18, 17:39:47.887, 59135741518, QTAgent32.exe, &lt;a class=success&gt;Playback - {29} [SUCCESS] MouseButtonClick - "[MSAA, VisibleOnly]ControlType='Button' &amp;&amp; Name='Close'"
\0&lt;/a&gt;
W, 1228, 14, 2012/10/18, 17:39:48.528, 59137160701, QTAgent32.exe, Playback - [WARNING] Internal warning: Window Not Found: [VisibleOnly]ControlType='Window' &amp;&amp; Name='SpreadsheetProgram' &amp;&amp; ClassName='#32770'
\0
E, 1228, 14, 2012/10/18, 17:39:48.529, 59137161977, QTAgent32.exe, &lt;a class=failure&gt;Playback - {30} [FAILED] Function ElementFetcher::FindScreenElement failed to locate UI element (Searching: ;[VisibleOnly]ControlType='Window' &amp;&amp; Name='SpreadsheetProgram' &amp;&amp; ClassName='#32770') (The object specified was not found.)
\0&lt;/a&gt;
E, 1228, 14, 2012/10/18, 17:39:48.752, 59137662535, QTAgent32.exe, Playback - [IMAGE] C:\Users\Azelos\AppData\Local\Temp\UITestLogs\LastRun\RPFA7BB.png
\0
W, 1228, 14, 2012/10/18, 17:39:48.752, 59137662995, QTAgent32.exe, Playback - [WARNING] Internal warning: Couldn't find descendants that match QueryId
\0
W, 1228, 14, 2012/10/18, 17:39:48.753, 59137663865, QTAgent32.exe, PERF WARNING: FindTopLevelWindowHelper::FindAllDescendents: took 756 ms. Expected it to take maximum 500 ms.
W, 1228, 14, 2012/10/18, 17:40:06.769, 59178064664, QTAgent32.exe, Playback - [WARNING] Internal warning: Window Not Found: [VisibleOnly]ControlType='Window' &amp;&amp; Name='SpreadsheetProgram' &amp;&amp; ClassName='#32770'
\0
E, 1228, 14, 2012/10/18, 17:40:06.769, 59178065334, QTAgent32.exe, &lt;a class=failure&gt;Playback - {31} [FAILED] Function ElementFetcher::FindScreenElement failed to locate UI element (Searching: ;[VisibleOnly]ControlType='Window' &amp;&amp; Name='SpreadsheetProgram' &amp;&amp; ClassName='#32770') (The object specified was not found.)
\0&lt;/a&gt;
E, 1228, 14, 2012/10/18, 17:40:06.971, 59178507308, QTAgent32.exe, Playback - [IMAGE] C:\Users\Azelos\AppData\Local\Temp\UITestLogs\LastRun\RPFEEF9.png
\0
W, 1228, 14, 2012/10/18, 17:40:06.971, 59178507671, QTAgent32.exe, Playback - [WARNING] Internal warning: Couldn't find descendants that match QueryId
\0
W, 1228, 14, 2012/10/18, 17:40:06.971, 59178508499, QTAgent32.exe, PERF WARNING: FindTopLevelWindowHelper::FindAllDescendents: took 18219 ms. Expected it to take maximum 500 ms.
W, 1228, 14, 2012/10/18, 17:40:07.377, 59179402176, QTAgent32.exe, &lt;a class=success&gt;Playback - {32} [SUCCESS] MouseButtonClick - "[MSAA, VisibleOnly]ControlType='Button' &amp;&amp; Name='Yes'"
\0&lt;/a&gt;
W, 1228, 14, 2012/10/18, 17:40:07.486, 59179647439, QTAgent32.exe, FindScreenElementInSinglePass : Attempting to find control in one pass of search. Failures can occur.
W, 1228, 14, 2012/10/18, 17:40:07.783, 59180341076, QTAgent32.exe, Playback - [WARNING] Internal failure: Invalid bounding rectangle top location (0) for Name = "Save" ," ControlType = "MenuItem"
\0
W, 1228, 14, 2012/10/18, 17:40:07.783, 59180342387, QTAgent32.exe, Playback - [WARNING] Internal failure: Invalid bounding rectangle size (width = 0, height = 0) for Name = "Save" ," ControlType = "MenuItem"
\0
W, 1228, 14, 2012/10/18, 17:40:07.783, 59180342590, QTAgent32.exe, Playback - [WARNING] Internal failure: Couldn't get clickable point for ScreenUIElement - GetClickablePoint failed
\0
W, 1228, 14, 2012/10/18, 17:40:07.798, 59180343470, QTAgent32.exe, FindScreenElementInSinglePass : Attempting to find control in one pass of search. Failures can occur.
W, 1228, 14, 2012/10/18, 17:40:08.048, 59180927958, QTAgent32.exe, FindScreenElementInSinglePass : Attempting to find control in one pass of search. Failures can occur.
W, 1228, 14, 2012/10/18, 17:40:08.547, 59182023067, QTAgent32.exe, &lt;a class=success&gt;Playback - {33} [SUCCESS] LeftButtonClick - "[MSAA, VisibleOnly]ControlType='ToolBar' &amp;&amp; Name='toolStrip1'"  &lt; Mouse cursor location (357, 109) &gt;
\0&lt;/a&gt;
W, 1228, 14, 2012/10/18, 17:40:08.906, 59182827120, QTAgent32.exe, &lt;a class=success&gt;Playback - {34} [SUCCESS] LeftButtonClick - "[MSAA]ControlType='MenuItem' &amp;&amp; Name='File'"  &lt; Mouse cursor location (96, 109) &gt;
\0&lt;/a&gt;
W, 1228, 14, 2012/10/18, 17:40:09.358, 59183842859, QTAgent32.exe, &lt;a class=success&gt;Playback - {35} [SUCCESS] MouseButtonClick - "[MSAA]ControlType='MenuItem' &amp;&amp; Name='Save'"
\0&lt;/a&gt;
W, 1228, 14, 2012/10/18, 17:40:09.561, 59184310067, QTAgent32.exe, FindScreenElementInSinglePass : Attempting to find control in one pass of search. Failures can occur.
W, 1228, 14, 2012/10/18, 17:40:10.029, 59185375099, QTAgent32.exe, Playback - [WARNING] Internal warning: Couldn't get clickable point for ScreenUIElement since it was obscured by another UI element. See comparison tracing below
\0
W, 1228, 14, 2012/10/18, 17:40:10.232, 59185827352, QTAgent32.exe, FindScreenElementInSinglePass : Attempting to find control in one pass of search. Failures can occur.
W, 1228, 14, 2012/10/18, 17:40:10.248, 59185866437, QTAgent32.exe, FindScreenElementInSinglePass : Attempting to find control in one pass of search. Failures can occur.
W, 1228, 14, 2012/10/18, 17:40:12.900, 59191776041, QTAgent32.exe, &lt;a class=success&gt;Playback - {36} [SUCCESS] MouseButtonClick - "[MSAA, NextTo]ControlType='TreeItem' &amp;&amp; Name='Desktop' &amp;&amp; Value='1'"
\0&lt;/a&gt;
E, 1228, 14, 2012/10/18, 17:40:13.227, 59192513609, QTAgent32.exe, Exception: System.ArgumentException
	Message: Value does not fall within the expected range.
	Stack Trace:    at Accessibility.IAccessible.get_accRole(Object varChild)
   at Microsoft.VisualStudio.TestTools.UITest.Extension.Msaa.AccWrapper.get_RoleInt()
	BaseExceptionMessage: Value does not fall within the expected range.

E, 1228, 14, 2012/10/18, 17:40:13.258, 59192583448, QTAgent32.exe, Exception: System.ArgumentException
	Message: Value does not fall within the expected range.
	Stack Trace:    at Accessibility.IAccessible.get_accRole(Object varChild)
   at Microsoft.VisualStudio.TestTools.UITest.Extension.Msaa.AccWrapper.get_RoleInt()
	BaseExceptionMessage: Value does not fall within the expected range.

W, 1228, 14, 2012/10/18, 17:40:13.898, 59194028202, QTAgent32.exe, &lt;a class=success&gt;Playback - {37} [SUCCESS] LeftButtonClick  &lt; Mouse cursor location (243, 537) &gt;
\0&lt;/a&gt;
W, 1228, 14, 2012/10/18, 17:40:14.553, 59195494919, QTAgent32.exe, &lt;a class=success&gt;Playback - {38} [SUCCESS] SetValueAsEditBox "test3"  &lt; Set via SendKeys &gt;
\0&lt;/a&gt;
W, 1228, 14, 2012/10/18, 17:40:14.553, 59195495612, QTAgent32.exe, &lt;a class=success&gt;Playback - {39} [SUCCESS] SetValueAsComboBox "test3" - "[MSAA, VisibleOnly]ControlType='ComboBox' &amp;&amp; Name='File name:'"  &lt; Set via SetValueAsEditBox &gt;
\0&lt;/a&gt;
W, 1228, 14, 2012/10/18, 17:40:15.021, 59196530999, QTAgent32.exe, &lt;a class=success&gt;Playback - {40} [SUCCESS] MouseButtonClick - "[MSAA, VisibleOnly]ControlType='Button' &amp;&amp; Name='Save'"
\0&lt;/a&gt;
W, 1228, 14, 2012/10/18, 17:40:15.127, 59196768000, QTAgent32.exe, FindScreenElementInSinglePass : Attempting to find control in one pass of search. Failures can occur.
W, 1228, 14, 2012/10/18, 17:40:15.387, 59197366465, QTAgent32.exe, Playback - [WARNING] Internal failure: Invalid bounding rectangle top location (0) for Name = "Close" ," ControlType = "MenuItem"
\0
W, 1228, 14, 2012/10/18, 17:40:15.387, 59197367721, QTAgent32.exe, Playback - [WARNING] Internal failure: Invalid bounding rectangle size (width = 0, height = 0) for Name = "Close" ," ControlType = "MenuItem"
\0
W, 1228, 14, 2012/10/18, 17:40:15.387, 59197367889, QTAgent32.exe, Playback - [WARNING] Internal failure: Couldn't get clickable point for ScreenUIElement - GetClickablePoint failed
\0
W, 1228, 14, 2012/10/18, 17:40:15.387, 59197368784, QTAgent32.exe, FindScreenElementInSinglePass : Attempting to find control in one pass of search. Failures can occur.
W, 1228, 14, 2012/10/18, 17:40:15.617, 59197872665, QTAgent32.exe, FindScreenElementInSinglePass : Attempting to find control in one pass of search. Failures can occur.
W, 1228, 14, 2012/10/18, 17:40:17.630, 59202377789, QTAgent32.exe, &lt;a class=success&gt;Playback - {41} [SUCCESS] LeftButtonClick - "[MSAA, VisibleOnly]ControlType='ToolBar' &amp;&amp; Name='toolStrip1'"  &lt; Mouse cursor location (357, 109) &gt;
\0&lt;/a&gt;
W, 1228, 14, 2012/10/18, 17:40:17.989, 59203183523, QTAgent32.exe, &lt;a class=success&gt;Playback - {42} [SUCCESS] LeftButtonClick - "[MSAA]ControlType='MenuItem' &amp;&amp; Name='File'"  &lt; Mouse cursor location (96, 109) &gt;
\0&lt;/a&gt;
W, 1228, 14, 2012/10/18, 17:40:18.426, 59204159496, QTAgent32.exe, &lt;a class=success&gt;Playback - {43} [SUCCESS] MouseButtonClick - "[MSAA]ControlType='MenuItem' &amp;&amp; Name='Close'"
\0&lt;/a&gt;
W, 1228, 14, 2012/10/18, 17:40:18.582, 59204519449, QTAgent32.exe, IEDOM : StopSession of the plugin called before StartSession
W, 1228, 14, 2012/10/18, 17:40:18.582, 59204519786, QTAgent32.exe, UIA : StopSession of the plugin called before StartSession
</DebugTrace>
      </Output>
      <CollectorDataEntries>
        <Collector agentName="AZELOSWIN" uri="datacollector://microsoft/SystemInfo/1.0" collectorDisplayName="System Information">
          <UriAttachments>
            <UriAttachment>
              <A href="AZELOSWIN\SystemInformation.xml">System Information from AZELOSWIN</A>
            </UriAttachment>
          </UriAttachments>
        </Collector>
        <Collector agentName="AZELOSWIN" uri="datacollector://microsoft/TestImpact/1.0" collectorDisplayName="Test Impact">
          <UriAttachments>
            <UriAttachment>
              <A href="AZELOSWIN\testimpact.xml">Test Impact Data</A>
            </UriAttachment>
          </UriAttachments>
        </Collector>
      </CollectorDataEntries>
    </UnitTestResult>
  </Results>
</TestRun>