<?xml version="1.0" encoding="UTF-8"?>
<TestRun id="a9a6c7f0-a27f-41a5-939b-d887278b602f" name="Azelos@AZELOSWIN 2012-10-18 17:34:11" runUser="AzelosWin\Azelos" xmlns="http://microsoft.com/schemas/VisualStudio/TeamTest/2010">
  <TestSettings name="Trace and Test Impact" id="15b2e144-c902-46f0-b6f1-3216785c3fe6">
    <Description>These are test settings for Trace and Test Impact.</Description>
    <Execution>
      <TestTypeSpecific>
        <UnitTestRunConfig testTypeId="13cdc9d9-ddb5-4fa4-a97d-d965ccfc6d4b">
          <AssemblyResolution>
            <TestDirectory useLoadContext="true" />
          </AssemblyResolution>
        </UnitTestRunConfig>
        <WebTestRunConfiguration testTypeId="4e7599fa-5ecb-43e9-a887-cd63cf72d207">
          <Browser name="Internet Explorer 7.0">
            <Headers>
              <Header name="User-Agent" value="Mozilla/4.0 (compatible; MSIE 7.0; Windows NT 5.1)" />
              <Header name="Accept" value="*/*" />
              <Header name="Accept-Language" value="{{$IEAcceptLanguage}}" />
              <Header name="Accept-Encoding" value="GZIP" />
            </Headers>
          </Browser>
        </WebTestRunConfiguration>
      </TestTypeSpecific>
      <AgentRule name="LocalMachineDefaultRole">
        <DataCollectors>
          <DataCollector uri="datacollector://microsoft/SystemInfo/1.0" assemblyQualifiedName="Microsoft.VisualStudio.TestTools.DataCollection.SystemInfo.SystemInfoDataCollector, Microsoft.VisualStudio.TestTools.DataCollection.SystemInfo, Version=10.0.0.0, Culture=neutral, PublicKeyToken=b03f5f7f11d50a3a" friendlyName="System Information">
          </DataCollector>
          <DataCollector uri="datacollector://microsoft/HttpProxy/1.0" assemblyQualifiedName="Microsoft.VisualStudio.TraceCollector.HttpProxyCollector, Microsoft.VisualStudio.TraceCollector, Version=10.0.0.0, Culture=neutral, PublicKeyToken=b03f5f7f11d50a3a" friendlyName="ASP.NET Client Proxy for IntelliTrace and Test Impact">
          </DataCollector>
          <DataCollector uri="datacollector://microsoft/TestImpact/1.0" assemblyQualifiedName="Microsoft.VisualStudio.TraceCollector.TestImpactDataCollector, Microsoft.VisualStudio.TraceCollector, Version=10.0.0.0, Culture=neutral, PublicKeyToken=b03f5f7f11d50a3a" friendlyName="Test Impact">
          </DataCollector>
          <DataCollector uri="datacollector://microsoft/TraceDebugger/1.0" assemblyQualifiedName="Microsoft.VisualStudio.TraceCollector.TraceDebuggerDataCollector, Microsoft.VisualStudio.TraceCollector, Version=10.0.0.0, Culture=neutral, PublicKeyToken=b03f5f7f11d50a3a" friendlyName="IntelliTrace">
          </DataCollector>
          <DataCollector uri="datacollector://microsoft/CodeCoverage/1.0" assemblyQualifiedName="Microsoft.VisualStudio.TestTools.CodeCoverage.CoveragePlugIn, Microsoft.VisualStudio.QualityTools.Plugins.CodeCoverage, Version=10.0.0.0, Culture=neutral, PublicKeyToken=b03f5f7f11d50a3a" friendlyName="Code Coverage">
          </DataCollector>
        </DataCollectors>
      </AgentRule>
    </Execution>
    <Deployment runDeploymentRoot="Azelos_AZELOSWIN 2012-10-18 17_34_11" />
  </TestSettings>
  <Times creation="2012-10-18T17:34:11.1175369-06:00" queuing="2012-10-18T17:34:11.4547458-06:00" start="2012-10-18T17:34:14.2483577-06:00" finish="2012-10-18T17:34:42.4578715-06:00" />
  <ResultSummary outcome="Failed">
    <Counters total="1" executed="1" error="0" failed="1" timeout="0" aborted="0" inconclusive="0" passedButRunAborted="0" notRunnable="0" notExecuted="0" disconnected="0" warning="0" passed="0" completed="0" inProgress="0" pending="0" />
    <RunInfos>
      <RunInfo computerName="AZELOSWIN" outcome="Warning" timestamp="2012-10-18T17:34:11.2635453-06:00">
        <Text>Instrumentation error while processing file SpreadsheetGUI.exe:
Error VSP1018: VSInstr does not support processing binaries that are already instrumented..</Text>
      </RunInfo>
    </RunInfos>
    <CollectorDataEntries>
      <Collector agentName="AZELOSWIN" uri="datacollector://microsoft/SystemInfo/1.0" collectorDisplayName="System Information">
        <UriAttachments>
          <UriAttachment>
            <A href="AZELOSWIN\SystemInformation.xml">System Information from AZELOSWIN</A>
          </UriAttachment>
        </UriAttachments>
      </Collector>
    </CollectorDataEntries>
  </ResultSummary>
  <TestDefinitions>
    <UnitTest name="CodedUITestMethod1" storage="c:\users\azelos\documents\visual studio 2010\projects\ps6\spreadsheetguitests\bin\debug\spreadsheetguitests.dll" id="de3240a6-47c2-08a3-9313-a359b755b64a">
      <Execution id="d300d61d-ab22-47f9-b558-471ba0951b40" />
      <TestMethod codeBase="C:/Users/Azelos/Documents/Visual Studio 2010/Projects/PS6/SpreadsheetGUITests/bin/Debug/SpreadsheetGUITests.DLL" adapterTypeName="Microsoft.VisualStudio.TestTools.TestTypes.Unit.UnitTestAdapter, Microsoft.VisualStudio.QualityTools.Tips.UnitTest.Adapter, Version=10.0.0.0, Culture=neutral, PublicKeyToken=b03f5f7f11d50a3a" className="SpreadsheetGUITests.Test3, SpreadsheetGUITests, Version=1.0.0.0, Culture=neutral, PublicKeyToken=null" name="CodedUITestMethod1" />
      <Extension>Microsoft.VisualStudio.TestTools.UITesting.CodedUITestAttribute, Microsoft.VisualStudio.QualityTools.CodedUITestFramework, Version=10.0.0.0, Culture=neutral, PublicKeyToken=b03f5f7f11d50a3a</Extension>
    </UnitTest>
  </TestDefinitions>
  <TestLists>
    <TestList name="Results Not in a List" id="8c84fa94-04c1-424b-9868-57a2d4851a1d" />
    <TestList name="All Loaded Results" id="19431567-8539-422a-85d7-44ee4e166bda" />
  </TestLists>
  <TestEntries>
    <TestEntry testId="de3240a6-47c2-08a3-9313-a359b755b64a" executionId="d300d61d-ab22-47f9-b558-471ba0951b40" testListId="8c84fa94-04c1-424b-9868-57a2d4851a1d" />
  </TestEntries>
  <Results>
    <UnitTestResult executionId="d300d61d-ab22-47f9-b558-471ba0951b40" testId="de3240a6-47c2-08a3-9313-a359b755b64a" testName="CodedUITestMethod1" computerName="AZELOSWIN" duration="00:00:23.4035324" startTime="2012-10-18T17:34:14.4979582-06:00" endTime="2012-10-18T17:34:42.0990709-06:00" testType="13cdc9d9-ddb5-4fa4-a97d-d965ccfc6d4b" outcome="Failed" testListId="8c84fa94-04c1-424b-9868-57a2d4851a1d" relativeResultsDirectory="d300d61d-ab22-47f9-b558-471ba0951b40">
      <Output>
        <DebugTrace>W, 1160, 14, 2012/10/18, 17:34:16.011, 58391998574, QTAgent32.exe, Playback - [WARNING] Internal warning: Window Not Found: [VisibleOnly]ControlType='Window' &amp;&amp; Name='Spreadsheet' &amp;&amp; ClassName=&gt;'WindowsForms10.Window'
\0
E, 1160, 14, 2012/10/18, 17:34:16.011, 58392006819, QTAgent32.exe, &lt;a class=failure&gt;Playback - {1} [FAILED] Function ElementFetcher::FindScreenElement failed to locate UI element (Searching: ;[VisibleOnly]ControlType='Window' &amp;&amp; Name='Spreadsheet' &amp;&amp; ClassName=&gt;'WindowsForms10.Window') (The object specified was not found.)
\0&lt;/a&gt;
E, 1160, 14, 2012/10/18, 17:34:16.213, 58392455243, QTAgent32.exe, Playback - [IMAGE] C:\Users\Azelos\AppData\Local\Temp\UITestLogs\LastRun\RPF94D7.png
\0
W, 1160, 14, 2012/10/18, 17:34:16.213, 58392455656, QTAgent32.exe, Playback - [WARNING] Internal warning: Couldn't find descendants that match QueryId
\0
W, 1160, 14, 2012/10/18, 17:34:16.213, 58392473049, QTAgent32.exe, PERF WARNING: FindTopLevelWindowHelper::FindAllDescendents: took 630 ms. Expected it to take maximum 500 ms.
W, 1160, 14, 2012/10/18, 17:34:34.408, 58433235450, QTAgent32.exe, Playback - [WARNING] Internal warning: Window Not Found: [VisibleOnly]ControlType='Window' &amp;&amp; Name='Spreadsheet' &amp;&amp; ClassName=&gt;'WindowsForms10.Window'
\0
E, 1160, 14, 2012/10/18, 17:34:34.408, 58433236130, QTAgent32.exe, &lt;a class=failure&gt;Playback - {2} [FAILED] Function ElementFetcher::FindScreenElement failed to locate UI element (Searching: ;[VisibleOnly]ControlType='Window' &amp;&amp; Name='Spreadsheet' &amp;&amp; ClassName=&gt;'WindowsForms10.Window') (The object specified was not found.)
\0&lt;/a&gt;
E, 1160, 14, 2012/10/18, 17:34:34.626, 58433714249, QTAgent32.exe, Playback - [IMAGE] C:\Users\Azelos\AppData\Local\Temp\UITestLogs\LastRun\RPFDCB0.png
\0
W, 1160, 14, 2012/10/18, 17:34:34.626, 58433714686, QTAgent32.exe, Playback - [WARNING] Internal warning: Couldn't find descendants that match QueryId
\0
W, 1160, 14, 2012/10/18, 17:34:34.626, 58433715583, QTAgent32.exe, PERF WARNING: FindTopLevelWindowHelper::FindAllDescendents: took 18396 ms. Expected it to take maximum 500 ms.
W, 1160, 14, 2012/10/18, 17:34:35.110, 58434818785, QTAgent32.exe, Playback - [WARNING] Internal warning: Smart Match failed
\0
W, 1160, 14, 2012/10/18, 17:34:35.500, 58435695714, QTAgent32.exe, Playback - [WARNING] Internal warning: Smart Match failed
\0
W, 1160, 14, 2012/10/18, 17:34:35.859, 58436467094, QTAgent32.exe, Playback - [WARNING] Internal warning: Smart Match failed
\0
W, 1160, 14, 2012/10/18, 17:34:36.280, 58437410732, QTAgent32.exe, Playback - [WARNING] Internal warning: Smart Match failed
\0
W, 1160, 14, 2012/10/18, 17:34:36.654, 58438280909, QTAgent32.exe, Playback - [WARNING] Internal warning: Smart Match failed
\0
W, 1160, 14, 2012/10/18, 17:34:37.029, 58439106428, QTAgent32.exe, Playback - [WARNING] Internal warning: Smart Match failed
\0
W, 1160, 14, 2012/10/18, 17:34:37.387, 58439895505, QTAgent32.exe, Playback - [WARNING] Internal warning: Smart Match failed
\0
W, 1160, 14, 2012/10/18, 17:34:37.746, 58440710899, QTAgent32.exe, Playback - [WARNING] Internal warning: Smart Match failed
\0
W, 1160, 14, 2012/10/18, 17:34:37.949, 58441162983, QTAgent32.exe, Playback - [WARNING] Internal warning: Window Not Found: [VisibleOnly]ControlType='Window' &amp;&amp; Name='Spreadsheet' &amp;&amp; ClassName=&gt;'WindowsForms10.Window'
\0
E, 1160, 14, 2012/10/18, 17:34:37.949, 58441163399, QTAgent32.exe, &lt;a class=failure&gt;Playback - {3} [FAILED] Function ElementFetcher::FindScreenElement failed to locate UI element (Searching: ;[VisibleOnly]ControlType='Window' &amp;&amp; Name='Spreadsheet' &amp;&amp; ClassName=&gt;'WindowsForms10.Window') (The object specified was not found.)
\0&lt;/a&gt;
E, 1160, 14, 2012/10/18, 17:34:38.136, 58441600594, QTAgent32.exe, Playback - [IMAGE] C:\Users\Azelos\AppData\Local\Temp\UITestLogs\LastRun\RPFEA87.png
\0
W, 1160, 14, 2012/10/18, 17:34:38.136, 58441601010, QTAgent32.exe, Playback - [WARNING] Internal warning: Couldn't find descendants that match QueryId
\0
W, 1160, 14, 2012/10/18, 17:34:38.136, 58441601850, QTAgent32.exe, PERF WARNING: FindTopLevelWindowHelper::FindAllDescendents: took 3518 ms. Expected it to take maximum 500 ms.
E, 1160, 14, 2012/10/18, 17:34:38.152, 58441604441, QTAgent32.exe, Exception: System.Runtime.InteropServices.COMException
	Message: Error HRESULT E_FAIL has been returned from a call to a COM component.
	Stack Trace:    at Microsoft.VisualStudio.TestTools.UITest.Playback.Engine.IRPFPlayback.FindAllScreenElements(IScreenElement pScreenElementStart, String bstrQueryId, Object&amp; pvarResKeys, Int32 cResKeys, Int32 nMaxDepth, Object[]&amp; foundDescendants)
   at Microsoft.VisualStudio.TestTools.UITest.Playback.ScreenElement.FindTopLevelWindowHelper(String queryId)
	BaseExceptionMessage: Error HRESULT E_FAIL has been returned from a call to a COM component.

E, 1160, 14, 2012/10/18, 17:34:38.308, 58441966266, QTAgent32.exe, AL: Playback Error: Microsoft.VisualStudio.TestTools.UITest.Extension.UITestControlNotFoundException: The playback failed to find the control with the given search properties. Additional Details: 
TechnologyName:  'MSAA'
ControlType:  'Window'
Name:  'Spreadsheet'
ClassName:  'WindowsForms10.Window'
 ---&gt; System.Runtime.InteropServices.COMException: Error HRESULT E_FAIL has been returned from a call to a COM component.
   at Microsoft.VisualStudio.TestTools.UITest.Playback.Engine.IRPFPlayback.FindAllScreenElements(IScreenElement pScreenElementStart, String bstrQueryId, Object&amp; pvarResKeys, Int32 cResKeys, Int32 nMaxDepth, Object[]&amp; foundDescendants)
   at Microsoft.VisualStudio.TestTools.UITest.Playback.ScreenElement.FindTopLevelWindowHelper(String queryId)
   at Microsoft.VisualStudio.TestTools.UITest.Playback.ScreenElement.FindFromPartialQueryId(String queryId)
   at Microsoft.VisualStudio.TestTools.UITesting.UITestControl..ctor(String queryId)
   --- End of inner exception stack trace ---
   at Microsoft.VisualStudio.TestTools.UITesting.Playback.MapControlNotFoundException(COMException ex, IPlaybackContext context)
   at Microsoft.VisualStudio.TestTools.UITesting.Playback.MapAndThrowComException(COMException innerException, IPlaybackContext context)
   at Microsoft.VisualStudio.TestTools.UITesting.Playback.MapAndThrowException(SystemException exception, IPlaybackContext context)
   at Microsoft.VisualStudio.TestTools.UITesting.Playback.MapAndThrowException(SystemException exception, String queryId)
   at Microsoft.VisualStudio.TestTools.UITesting.UITestControl..ctor(String queryId)
   at Microsoft.VisualStudio.TestTools.UITesting.UITestControl.FromQueryId(String queryId)
   at Microsoft.VisualStudio.TestTools.UITesting.SearchHelper.SearchTopLevelWindow(ISearchArgument topLevelSearchArg, String topLevelElementQueryId)
   at Microsoft.VisualStudio.TestTools.UITesting.SearchHelper.GetTitleUpdatedTopLevelWindow(ISearchArgument topLevelSearchArg, String queryId, IList`1 windowTitles)
   at Microsoft.VisualStudio.TestTools.UITesting.SearchHelper.GetTopLevelElement(Boolean useCache, Boolean useCacheOnly, ISearchArgument searchArg, IList`1 windowTitles, Int32&amp; timeLeft)
   at Microsoft.VisualStudio.TestTools.UITesting.SearchHelper.GetElement(Boolean useCache, ISearchArgument searchArg)
   at Microsoft.VisualStudio.TestTools.UITesting.SearchHelper.Search(ISearchArgument searchArg)
   at Microsoft.VisualStudio.TestTools.UITesting.UITestControl.FindInternal()
   at Microsoft.VisualStudio.TestTools.UITesting.UITestControl.FindControlIfNecessary()
   at Microsoft.VisualStudio.TestTools.UITesting.UITestControl.SetProperty(String propertyName, Object value)
W, 1160, 14, 2012/10/18, 17:34:38.448, 58442296032, QTAgent32.exe, IEDOM : StopSession of the plugin called before StartSession
W, 1160, 14, 2012/10/18, 17:34:38.448, 58442296304, QTAgent32.exe, UIA : StopSession of the plugin called before StartSession
</DebugTrace>
        <ErrorInfo>
          <Message>Test method SpreadsheetGUITests.Test3.CodedUITestMethod1 threw exception: 
Microsoft.VisualStudio.TestTools.UITest.Extension.UITestControlNotFoundException: The playback failed to find the control with the given search properties. Additional Details: 
TechnologyName:  'MSAA'
ControlType:  'Window'
Name:  'Spreadsheet'
ClassName:  'WindowsForms10.Window'
 ---&gt; System.Runtime.InteropServices.COMException: Error HRESULT E_FAIL has been returned from a call to a COM component.</Message>
          <StackTrace>    at Microsoft.VisualStudio.TestTools.UITest.Playback.Engine.IRPFPlayback.FindAllScreenElements(IScreenElement pScreenElementStart, String bstrQueryId, Object&amp; pvarResKeys, Int32 cResKeys, Int32 nMaxDepth, Object[]&amp; foundDescendants)
   at Microsoft.VisualStudio.TestTools.UITest.Playback.ScreenElement.FindTopLevelWindowHelper(String queryId)
   at Microsoft.VisualStudio.TestTools.UITest.Playback.ScreenElement.FindFromPartialQueryId(String queryId)
   at Microsoft.VisualStudio.TestTools.UITesting.UITestControl..ctor(String queryId)
 --- End of inner exception stack trace ---
    at Microsoft.VisualStudio.TestTools.UITesting.Playback.MapControlNotFoundException(COMException ex, IPlaybackContext context)
   at Microsoft.VisualStudio.TestTools.UITesting.Playback.MapAndThrowComException(COMException innerException, IPlaybackContext context)
   at Microsoft.VisualStudio.TestTools.UITesting.Playback.MapAndThrowException(SystemException exception, IPlaybackContext context)
   at Microsoft.VisualStudio.TestTools.UITesting.Playback.MapAndThrowException(SystemException exception, String queryId)
   at Microsoft.VisualStudio.TestTools.UITesting.UITestControl..ctor(String queryId)
   at Microsoft.VisualStudio.TestTools.UITesting.UITestControl.FromQueryId(String queryId)
   at Microsoft.VisualStudio.TestTools.UITesting.SearchHelper.SearchTopLevelWindow(ISearchArgument topLevelSearchArg, String topLevelElementQueryId)
   at Microsoft.VisualStudio.TestTools.UITesting.SearchHelper.GetTitleUpdatedTopLevelWindow(ISearchArgument topLevelSearchArg, String queryId, IList`1 windowTitles)
   at Microsoft.VisualStudio.TestTools.UITesting.SearchHelper.GetTopLevelElement(Boolean useCache, Boolean useCacheOnly, ISearchArgument searchArg, IList`1 windowTitles, Int32&amp; timeLeft)
   at Microsoft.VisualStudio.TestTools.UITesting.SearchHelper.GetElement(Boolean useCache, ISearchArgument searchArg)
   at Microsoft.VisualStudio.TestTools.UITesting.SearchHelper.Search(ISearchArgument searchArg)
   at Microsoft.VisualStudio.TestTools.UITesting.UITestControl.FindInternal()
   at Microsoft.VisualStudio.TestTools.UITesting.UITestControl.FindControlIfNecessary()
   at Microsoft.VisualStudio.TestTools.UITesting.UITestControl.SetProperty(String propertyName, Object value)
   at Microsoft.VisualStudio.TestTools.UITesting.WinControls.WinEdit.set_Text(String value)
   at SpreadsheetGUITests.UIMap.RecordedMethod8() in C:\Users\Azelos\Documents\Visual Studio 2010\Projects\PS6\SpreadsheetGUITests\UIMap.Designer.cs:line 628
   at SpreadsheetGUITests.Test3.CodedUITestMethod1() in C:\Users\Azelos\Documents\Visual Studio 2010\Projects\PS6\SpreadsheetGUITests\Test3.cs:line 30
</StackTrace>
        </ErrorInfo>
      </Output>
      <ResultFiles>
        <ResultFile path="AZELOSWIN\CodedUITestMethod1.png" />
      </ResultFiles>
      <CollectorDataEntries>
        <Collector agentName="AZELOSWIN" uri="datacollector://microsoft/SystemInfo/1.0" collectorDisplayName="System Information">
          <UriAttachments>
            <UriAttachment>
              <A href="AZELOSWIN\SystemInformation.xml">System Information from AZELOSWIN</A>
            </UriAttachment>
          </UriAttachments>
        </Collector>
        <Collector agentName="AZELOSWIN" uri="datacollector://microsoft/TraceDebugger/1.0" collectorDisplayName="IntelliTrace">
          <UriAttachments>
            <UriAttachment>
              <A href="AZELOSWIN\QTAgent32_121018_173438495_1160.iTrace">IntelliTrace file for 'QTAgent32.exe' (1160)</A>
            </UriAttachment>
          </UriAttachments>
        </Collector>
      </CollectorDataEntries>
      <ExtensionResult>Exception has been thrown by the target of an invocation.</ExtensionResult>
    </UnitTestResult>
  </Results>
</TestRun>