<?xml version="1.0" encoding="UTF-8"?>
<TestRun id="4c47eac2-925e-4992-8abb-09cc412eb2b4" name="Azelos@AZELOSWIN 2012-10-18 17:47:37" runUser="AzelosWin\Azelos" xmlns="http://microsoft.com/schemas/VisualStudio/TeamTest/2010">
  <TestSettings name="Trace and Test Impact" id="15b2e144-c902-46f0-b6f1-3216785c3fe6">
    <Description>These are test settings for Trace and Test Impact.</Description>
    <Execution>
      <TestTypeSpecific>
        <UnitTestRunConfig testTypeId="13cdc9d9-ddb5-4fa4-a97d-d965ccfc6d4b">
          <AssemblyResolution>
            <TestDirectory useLoadContext="true" />
          </AssemblyResolution>
        </UnitTestRunConfig>
        <WebTestRunConfiguration testTypeId="4e7599fa-5ecb-43e9-a887-cd63cf72d207">
          <Browser name="Internet Explorer 7.0">
            <Headers>
              <Header name="User-Agent" value="Mozilla/4.0 (compatible; MSIE 7.0; Windows NT 5.1)" />
              <Header name="Accept" value="*/*" />
              <Header name="Accept-Language" value="{{$IEAcceptLanguage}}" />
              <Header name="Accept-Encoding" value="GZIP" />
            </Headers>
          </Browser>
        </WebTestRunConfiguration>
      </TestTypeSpecific>
      <AgentRule name="LocalMachineDefaultRole">
        <DataCollectors>
          <DataCollector uri="datacollector://microsoft/SystemInfo/1.0" assemblyQualifiedName="Microsoft.VisualStudio.TestTools.DataCollection.SystemInfo.SystemInfoDataCollector, Microsoft.VisualStudio.TestTools.DataCollection.SystemInfo, Version=10.0.0.0, Culture=neutral, PublicKeyToken=b03f5f7f11d50a3a" friendlyName="System Information">
          </DataCollector>
          <DataCollector uri="datacollector://microsoft/HttpProxy/1.0" assemblyQualifiedName="Microsoft.VisualStudio.TraceCollector.HttpProxyCollector, Microsoft.VisualStudio.TraceCollector, Version=10.0.0.0, Culture=neutral, PublicKeyToken=b03f5f7f11d50a3a" friendlyName="ASP.NET Client Proxy for IntelliTrace and Test Impact">
          </DataCollector>
          <DataCollector uri="datacollector://microsoft/TestImpact/1.0" assemblyQualifiedName="Microsoft.VisualStudio.TraceCollector.TestImpactDataCollector, Microsoft.VisualStudio.TraceCollector, Version=10.0.0.0, Culture=neutral, PublicKeyToken=b03f5f7f11d50a3a" friendlyName="Test Impact">
          </DataCollector>
          <DataCollector uri="datacollector://microsoft/TraceDebugger/1.0" assemblyQualifiedName="Microsoft.VisualStudio.TraceCollector.TraceDebuggerDataCollector, Microsoft.VisualStudio.TraceCollector, Version=10.0.0.0, Culture=neutral, PublicKeyToken=b03f5f7f11d50a3a" friendlyName="IntelliTrace">
          </DataCollector>
          <DataCollector uri="datacollector://microsoft/CodeCoverage/1.0" assemblyQualifiedName="Microsoft.VisualStudio.TestTools.CodeCoverage.CoveragePlugIn, Microsoft.VisualStudio.QualityTools.Plugins.CodeCoverage, Version=10.0.0.0, Culture=neutral, PublicKeyToken=b03f5f7f11d50a3a" friendlyName="Code Coverage">
            <Configuration>
              <CodeCoverage xmlns="">
                <Regular>
                  <CodeCoverageItem binaryFile="C:\Users\Azelos\Documents\Visual Studio 2010\Projects\PS6\SpreadsheetGUI\bin\Debug\SpreadsheetGUI.exe" pdbFile="C:\Users\Azelos\Documents\Visual Studio 2010\Projects\PS6\SpreadsheetGUI\bin\Debug\SpreadsheetGUI.instr.pdb" instrumentInPlace="true" />
                </Regular>
              </CodeCoverage>
            </Configuration>
          </DataCollector>
        </DataCollectors>
      </AgentRule>
    </Execution>
    <Deployment runDeploymentRoot="Azelos_AZELOSWIN 2012-10-18 17_47_37" />
  </TestSettings>
  <Times creation="2012-10-18T17:47:37.4273250-06:00" queuing="2012-10-18T17:47:38.2499625-06:00" start="2012-10-18T17:47:41.0057748-06:00" finish="2012-10-18T17:48:35.7953334-06:00" />
  <ResultSummary outcome="Aborted">
    <Counters total="1" executed="1" error="0" failed="0" timeout="0" aborted="1" inconclusive="0" passedButRunAborted="0" notRunnable="0" notExecuted="0" disconnected="0" warning="0" passed="0" completed="0" inProgress="0" pending="0" />
    <RunInfos>
      <RunInfo computerName="AZELOSWIN" outcome="Warning" timestamp="2012-10-18T17:48:35.9981337-06:00">
        <Text>Code coverage in-place instrumentation: Cannot restore binary C:\Users\Azelos\Documents\Visual Studio 2010\Projects\PS6\SpreadsheetGUI\bin\Debug\SpreadsheetGUI.exe. Exception was thrown: Access to the path 'C:\Users\Azelos\Documents\Visual Studio 2010\Projects\PS6\SpreadsheetGUI\bin\Debug\SpreadsheetGUI.exe' is denied.</Text>
      </RunInfo>
      <RunInfo computerName="AZELOSWIN" outcome="Warning" timestamp="2012-10-18T17:48:35.9981337-06:00">
        <Text>Code coverage in-place instrumentation: One or more binaries in 'C:\Users\Azelos\Documents\Visual Studio 2010\Projects\PS6\SpreadsheetGUI\bin\Debug' were not restored.
They can be restored manually by running the file 'eqtrestore_4c47eac2-925e-4992-8abb-09cc412eb2b4.bat' in this directory.</Text>
      </RunInfo>
    </RunInfos>
    <ResultFiles>
      <ResultFile path="AZELOSWIN\data.coverage" />
    </ResultFiles>
    <CollectorDataEntries>
      <Collector agentName="AZELOSWIN" uri="datacollector://microsoft/SystemInfo/1.0" collectorDisplayName="System Information">
        <UriAttachments>
          <UriAttachment>
            <A href="AZELOSWIN\SystemInformation.xml">System Information from AZELOSWIN</A>
          </UriAttachment>
        </UriAttachments>
      </Collector>
    </CollectorDataEntries>
  </ResultSummary>
  <TestDefinitions>
    <UnitTest name="CodedUITestMethod1" storage="c:\users\azelos\documents\visual studio 2010\projects\ps6\spreadsheetguitests\bin\debug\spreadsheetguitests.dll" id="de3240a6-47c2-08a3-9313-a359b755b64a">
      <Execution id="aba0d355-47f3-4341-bb6f-d31a1a741d85" />
      <TestMethod codeBase="C:/Users/Azelos/Documents/Visual Studio 2010/Projects/PS6/SpreadsheetGUITests/bin/Debug/SpreadsheetGUITests.DLL" adapterTypeName="Microsoft.VisualStudio.TestTools.TestTypes.Unit.UnitTestAdapter, Microsoft.VisualStudio.QualityTools.Tips.UnitTest.Adapter, Version=10.0.0.0, Culture=neutral, PublicKeyToken=b03f5f7f11d50a3a" className="SpreadsheetGUITests.Test3, SpreadsheetGUITests, Version=1.0.0.0, Culture=neutral, PublicKeyToken=null" name="CodedUITestMethod1" />
      <Extension>Microsoft.VisualStudio.TestTools.UITesting.CodedUITestAttribute, Microsoft.VisualStudio.QualityTools.CodedUITestFramework, Version=10.0.0.0, Culture=neutral, PublicKeyToken=b03f5f7f11d50a3a</Extension>
    </UnitTest>
  </TestDefinitions>
  <TestLists>
    <TestList name="Results Not in a List" id="8c84fa94-04c1-424b-9868-57a2d4851a1d" />
    <TestList name="All Loaded Results" id="19431567-8539-422a-85d7-44ee4e166bda" />
  </TestLists>
  <TestEntries>
    <TestEntry testId="de3240a6-47c2-08a3-9313-a359b755b64a" executionId="aba0d355-47f3-4341-bb6f-d31a1a741d85" testListId="8c84fa94-04c1-424b-9868-57a2d4851a1d" />
  </TestEntries>
  <Results>
    <UnitTestResult executionId="aba0d355-47f3-4341-bb6f-d31a1a741d85" testId="de3240a6-47c2-08a3-9313-a359b755b64a" testName="CodedUITestMethod1" computerName="AZELOSWIN" duration="00:00:49.5635494" startTime="2012-10-18T17:47:41.2709753-06:00" endTime="2012-10-18T17:48:30.8345247-06:00" testType="13cdc9d9-ddb5-4fa4-a97d-d965ccfc6d4b" outcome="Aborted" testListId="8c84fa94-04c1-424b-9868-57a2d4851a1d" relativeResultsDirectory="aba0d355-47f3-4341-bb6f-d31a1a741d85">
      <Output>
        <DebugTrace>E, 4060, 14, 2012/10/18, 17:47:44.810, 60204532503, QTAgent32.exe, LoadLibrary() : Unable to find the resource 37382 from assembly C:\Windows\system32\en-US\ieframe.dll.mui: Error1814
E, 4060, 14, 2012/10/18, 17:47:44.810, 60204538810, QTAgent32.exe, LoadLibrary() : Unable to find the resource 41728 from assembly C:\Windows\system32\en-US\ieframe.dll.mui: Error1814
E, 4060, 14, 2012/10/18, 17:47:44.810, 60204539353, QTAgent32.exe, LoadLibrary() : Unable to find the resource 8131 from assembly C:\Windows\system32\en-US\ieframe.dll.mui: Error1814
E, 4060, 14, 2012/10/18, 17:47:44.810, 60204539862, QTAgent32.exe, LoadLibrary() : Unable to find the resource 8131 from assembly C:\Windows\system32\en-US\ieframe.dll.mui: Error1814
E, 4060, 14, 2012/10/18, 17:47:44.810, 60204540720, QTAgent32.exe, LoadLibrary() : Unable to find the resource 8131 from assembly C:\Windows\system32\en-US\ieframe.dll.mui: Error1814
E, 4060, 14, 2012/10/18, 17:47:44.810, 60204541725, QTAgent32.exe, LoadLibrary() : Unable to find the resource 803 from assembly C:\Windows\system32\en-US\user32.dll.mui: Error1814
W, 4060, 14, 2012/10/18, 17:47:45.325, 60205678818, QTAgent32.exe, &lt;a class=success&gt;Playback - {1} [SUCCESS] SetValueAsEditBox "5" - "[MSAA, VisibleOnly]ControlType='Edit'"  &lt; Set via SendKeys &gt;
\0&lt;/a&gt;
W, 4060, 14, 2012/10/18, 17:47:45.686, 60206472537, QTAgent32.exe, &lt;a class=success&gt;Playback - {2} [SUCCESS] SendKeys "{Enter}" - "[MSAA, VisibleOnly]ControlType='Edit'"
\0&lt;/a&gt;
W, 4060, 14, 2012/10/18, 17:47:46.334, 60207924314, QTAgent32.exe, &lt;a class=success&gt;Playback - {3} [SUCCESS] MouseButtonClick - "[MSAA, VisibleOnly]ControlType='Client'"
\0&lt;/a&gt;
W, 4060, 14, 2012/10/18, 17:47:46.734, 60208820643, QTAgent32.exe, &lt;a class=success&gt;Playback - {4} [SUCCESS] SetValueAsEditBox "5" - "[MSAA, VisibleOnly]ControlType='Edit'"  &lt; Set via SendKeys &gt;
\0&lt;/a&gt;
W, 4060, 14, 2012/10/18, 17:47:47.007, 60209433340, QTAgent32.exe, &lt;a class=success&gt;Playback - {5} [SUCCESS] SendKeys "{Enter}" - "[MSAA, VisibleOnly]ControlType='Edit'"
\0&lt;/a&gt;
W, 4060, 14, 2012/10/18, 17:47:47.410, 60210335740, QTAgent32.exe, &lt;a class=success&gt;Playback - {6} [SUCCESS] MouseButtonClick - "[MSAA, VisibleOnly]ControlType='Client'"
\0&lt;/a&gt;
W, 4060, 14, 2012/10/18, 17:47:47.900, 60211435591, QTAgent32.exe, &lt;a class=success&gt;Playback - {7} [SUCCESS] SetValueAsEditBox "A1+B1" - "[MSAA, VisibleOnly]ControlType='Edit'"  &lt; Set via SendKeys &gt;
\0&lt;/a&gt;
W, 4060, 14, 2012/10/18, 17:47:48.300, 60212331371, QTAgent32.exe, &lt;a class=success&gt;Playback - {8} [SUCCESS] MouseButtonClick - "[MSAA, VisibleOnly]ControlType='Client'"
\0&lt;/a&gt;
W, 4060, 14, 2012/10/18, 17:47:48.862, 60213593915, QTAgent32.exe, &lt;a class=success&gt;Playback - {9} [SUCCESS] SetValueAsEditBox "C1+5" - "[MSAA, VisibleOnly]ControlType='Edit'"  &lt; Set via SendKeys &gt;
\0&lt;/a&gt;
W, 4060, 14, 2012/10/18, 17:47:49.314, 60214603682, QTAgent32.exe, &lt;a class=success&gt;Playback - {10} [SUCCESS] MouseButtonClick - "[MSAA, VisibleOnly]ControlType='Client'"
\0&lt;/a&gt;
W, 4060, 14, 2012/10/18, 17:47:49.860, 60215831615, QTAgent32.exe, &lt;a class=success&gt;Playback - {11} [SUCCESS] SetValueAsEditBox "=E1" - "[MSAA, VisibleOnly]ControlType='Edit'"  &lt; Set via SendKeys &gt;
\0&lt;/a&gt;
W, 4060, 14, 2012/10/18, 17:47:50.200, 60216608926, QTAgent32.exe, &lt;a class=success&gt;Playback - {12} [SUCCESS] SendKeys "{Enter}" - "[MSAA, VisibleOnly]ControlType='Edit'"
\0&lt;/a&gt;
W, 4060, 14, 2012/10/18, 17:47:50.600, 60217484715, QTAgent32.exe, &lt;a class=success&gt;Playback - {13} [SUCCESS] MouseButtonClick - "[MSAA, VisibleOnly]ControlType='Dialog'"
\0&lt;/a&gt;
W, 4060, 14, 2012/10/18, 17:47:50.990, 60218359909, QTAgent32.exe, &lt;a class=success&gt;Playback - {14} [SUCCESS] MouseButtonClick - "[MSAA, VisibleOnly]ControlType='Button' &amp;&amp; Name='OK'"
\0&lt;/a&gt;
W, 4060, 14, 2012/10/18, 17:47:51.280, 60219007810, QTAgent32.exe, &lt;a class=success&gt;Playback - {15} [SUCCESS] SendKeys "^{HOME}" - "[MSAA, VisibleOnly]ControlType='Edit'"
\0&lt;/a&gt;
E, 4060, 14, 2012/10/18, 17:47:51.280, 60219013844, QTAgent32.exe, Msaa.GetFocusedElement: could not find accessible object of foreground window
W, 4060, 14, 2012/10/18, 17:47:51.399, 60219276498, QTAgent32.exe, &lt;a class=success&gt;Playback - {16} [SUCCESS] SendKeys "^+{END}" - "[MSAA, VisibleOnly]ControlType='Edit'"
\0&lt;/a&gt;
E, 4060, 14, 2012/10/18, 17:47:51.399, 60219278784, QTAgent32.exe, Msaa.GetFocusedElement: could not find accessible object of foreground window
W, 4060, 14, 2012/10/18, 17:47:51.493, 60219486499, QTAgent32.exe, &lt;a class=success&gt;Playback - {17} [SUCCESS] SendKeys "{DELETE}" - "[MSAA, VisibleOnly]ControlType='Edit'"
\0&lt;/a&gt;
W, 4060, 14, 2012/10/18, 17:47:51.742, 60220049633, QTAgent32.exe, &lt;a class=success&gt;Playback - {18} [SUCCESS] SetValueAsEditBox "=F1" - "[MSAA, VisibleOnly]ControlType='Edit'"  &lt; Set via SendKeys &gt;
\0&lt;/a&gt;
W, 4060, 14, 2012/10/18, 17:47:52.039, 60220728964, QTAgent32.exe, &lt;a class=success&gt;Playback - {19} [SUCCESS] SendKeys "{Enter}" - "[MSAA, VisibleOnly]ControlType='Edit'"
\0&lt;/a&gt;
W, 4060, 14, 2012/10/18, 17:47:52.402, 60221523300, QTAgent32.exe, &lt;a class=success&gt;Playback - {20} [SUCCESS] MouseButtonClick - "[MSAA, VisibleOnly]ControlType='Button' &amp;&amp; Name='OK'"
\0&lt;/a&gt;
W, 4060, 14, 2012/10/18, 17:47:52.702, 60222194380, QTAgent32.exe, &lt;a class=success&gt;Playback - {21} [SUCCESS] SendKeys "^{HOME}" - "[MSAA, VisibleOnly]ControlType='Edit'"
\0&lt;/a&gt;
E, 4060, 14, 2012/10/18, 17:47:52.702, 60222195228, QTAgent32.exe, Msaa.GetFocusedElement: could not find accessible object of foreground window
W, 4060, 14, 2012/10/18, 17:47:52.772, 60222353052, QTAgent32.exe, &lt;a class=success&gt;Playback - {22} [SUCCESS] SendKeys "^+{END}" - "[MSAA, VisibleOnly]ControlType='Edit'"
\0&lt;/a&gt;
E, 4060, 14, 2012/10/18, 17:47:52.772, 60222355361, QTAgent32.exe, Msaa.GetFocusedElement: could not find accessible object of foreground window
W, 4060, 14, 2012/10/18, 17:47:52.882, 60222600075, QTAgent32.exe, &lt;a class=success&gt;Playback - {23} [SUCCESS] SendKeys "{DELETE}" - "[MSAA, VisibleOnly]ControlType='Edit'"
\0&lt;/a&gt;
W, 4060, 14, 2012/10/18, 17:47:53.102, 60223092320, QTAgent32.exe, &lt;a class=success&gt;Playback - {24} [SUCCESS] SetValueAsEditBox "A1" - "[MSAA, VisibleOnly]ControlType='Edit'"  &lt; Set via SendKeys &gt;
\0&lt;/a&gt;
W, 4060, 14, 2012/10/18, 17:47:53.203, 60223346441, QTAgent32.exe, FindScreenElementInSinglePass : Attempting to find control in one pass of search. Failures can occur.
W, 4060, 14, 2012/10/18, 17:47:53.547, 60224097360, QTAgent32.exe, Playback - [WARNING] Internal failure: Invalid bounding rectangle top location (0) for Name = "Save" ," ControlType = "MenuItem"
\0
W, 4060, 14, 2012/10/18, 17:47:53.547, 60224098213, QTAgent32.exe, Playback - [WARNING] Internal failure: Invalid bounding rectangle size (width = 0, height = 0) for Name = "Save" ," ControlType = "MenuItem"
\0
W, 4060, 14, 2012/10/18, 17:47:53.547, 60224098375, QTAgent32.exe, Playback - [WARNING] Internal failure: Couldn't get clickable point for ScreenUIElement - GetClickablePoint failed
\0
W, 4060, 14, 2012/10/18, 17:47:53.547, 60224100242, QTAgent32.exe, FindScreenElementInSinglePass : Attempting to find control in one pass of search. Failures can occur.
W, 4060, 14, 2012/10/18, 17:47:53.749, 60224572161, QTAgent32.exe, FindScreenElementInSinglePass : Attempting to find control in one pass of search. Failures can occur.
W, 4060, 14, 2012/10/18, 17:47:54.217, 60225594160, QTAgent32.exe, &lt;a class=success&gt;Playback - {25} [SUCCESS] LeftButtonClick - "[MSAA, VisibleOnly]ControlType='ToolBar' &amp;&amp; Name='toolStrip1'"  &lt; Mouse cursor location (327, 79) &gt;
\0&lt;/a&gt;
W, 4060, 14, 2012/10/18, 17:47:54.545, 60226325021, QTAgent32.exe, &lt;a class=success&gt;Playback - {26} [SUCCESS] LeftButtonClick - "[MSAA]ControlType='MenuItem' &amp;&amp; Name='File'"  &lt; Mouse cursor location (66, 79) &gt;
\0&lt;/a&gt;
W, 4060, 14, 2012/10/18, 17:47:54.997, 60227338832, QTAgent32.exe, &lt;a class=success&gt;Playback - {27} [SUCCESS] MouseButtonClick - "[MSAA]ControlType='MenuItem' &amp;&amp; Name='Save'"
\0&lt;/a&gt;
W, 4060, 14, 2012/10/18, 17:47:55.403, 60228248491, QTAgent32.exe, FindScreenElementInSinglePass : Attempting to find control in one pass of search. Failures can occur.
W, 4060, 14, 2012/10/18, 17:47:55.855, 60229286623, QTAgent32.exe, Playback - [WARNING] Internal warning: Couldn't get clickable point for ScreenUIElement since it was obscured by another UI element. See comparison tracing below
\0
W, 4060, 14, 2012/10/18, 17:47:56.048, 60229694634, QTAgent32.exe, FindScreenElementInSinglePass : Attempting to find control in one pass of search. Failures can occur.
W, 4060, 14, 2012/10/18, 17:47:56.066, 60229734769, QTAgent32.exe, FindScreenElementInSinglePass : Attempting to find control in one pass of search. Failures can occur.
W, 4060, 14, 2012/10/18, 17:48:04.378, 60248379024, QTAgent32.exe, &lt;a class=success&gt;Playback - {28} [SUCCESS] MouseButtonClick - "[MSAA, NextTo]ControlType='TreeItem' &amp;&amp; Name='Desktop' &amp;&amp; Value='1'"
\0&lt;/a&gt;
E, 4060, 14, 2012/10/18, 17:48:04.612, 60248904286, QTAgent32.exe, Exception: System.ArgumentException
	Message: Value does not fall within the expected range.
	Stack Trace:    at Accessibility.IAccessible.get_accRole(Object varChild)
   at Microsoft.VisualStudio.TestTools.UITest.Extension.Msaa.AccWrapper.get_RoleInt()
	BaseExceptionMessage: Value does not fall within the expected range.

E, 4060, 14, 2012/10/18, 17:48:04.644, 60248964848, QTAgent32.exe, Exception: System.ArgumentException
	Message: Value does not fall within the expected range.
	Stack Trace:    at Accessibility.IAccessible.get_accRole(Object varChild)
   at Microsoft.VisualStudio.TestTools.UITest.Extension.Msaa.AccWrapper.get_RoleInt()
	BaseExceptionMessage: Value does not fall within the expected range.

W, 4060, 14, 2012/10/18, 17:48:05.299, 60250439467, QTAgent32.exe, &lt;a class=success&gt;Playback - {29} [SUCCESS] LeftButtonClick  &lt; Mouse cursor location (213, 528) &gt;
\0&lt;/a&gt;
W, 4060, 14, 2012/10/18, 17:48:05.892, 60251754986, QTAgent32.exe, &lt;a class=success&gt;Playback - {30} [SUCCESS] SetValueAsEditBox "bill"  &lt; Set via SendKeys &gt;
\0&lt;/a&gt;
W, 4060, 14, 2012/10/18, 17:48:05.892, 60251755494, QTAgent32.exe, &lt;a class=success&gt;Playback - {31} [SUCCESS] SetValueAsComboBox "bill" - "[MSAA, VisibleOnly]ControlType='ComboBox' &amp;&amp; Name='File name:'"  &lt; Set via SetValueAsEditBox &gt;
\0&lt;/a&gt;
W, 4060, 14, 2012/10/18, 17:48:06.422, 60252954130, QTAgent32.exe, &lt;a class=success&gt;Playback - {32} [SUCCESS] MouseButtonClick - "[MSAA, VisibleOnly]ControlType='Button' &amp;&amp; Name='Save'"
\0&lt;/a&gt;
W, 4060, 14, 2012/10/18, 17:48:06.525, 60253175433, QTAgent32.exe, FindScreenElementInSinglePass : Attempting to find control in one pass of search. Failures can occur.
W, 4060, 14, 2012/10/18, 17:48:06.815, 60253830739, QTAgent32.exe, Playback - [WARNING] Internal failure: Invalid bounding rectangle top location (0) for Name = "Open" ," ControlType = "MenuItem"
\0
W, 4060, 14, 2012/10/18, 17:48:06.815, 60253832204, QTAgent32.exe, Playback - [WARNING] Internal failure: Invalid bounding rectangle size (width = 0, height = 0) for Name = "Open" ," ControlType = "MenuItem"
\0
W, 4060, 14, 2012/10/18, 17:48:06.815, 60253832406, QTAgent32.exe, Playback - [WARNING] Internal failure: Couldn't get clickable point for ScreenUIElement - GetClickablePoint failed
\0
W, 4060, 14, 2012/10/18, 17:48:06.815, 60253833268, QTAgent32.exe, FindScreenElementInSinglePass : Attempting to find control in one pass of search. Failures can occur.
W, 4060, 14, 2012/10/18, 17:48:07.025, 60254301423, QTAgent32.exe, FindScreenElementInSinglePass : Attempting to find control in one pass of search. Failures can occur.
W, 4060, 14, 2012/10/18, 17:48:08.698, 60258056094, QTAgent32.exe, Playback - [WARNING] Internal warning: Can't find anchor child after updating the collection
\0
W, 4060, 14, 2012/10/18, 17:48:08.776, 60258229954, QTAgent32.exe, Playback - [WARNING] Internal warning: Can't find anchor child after updating the collection
\0
W, 4060, 14, 2012/10/18, 17:48:08.838, 60258376007, QTAgent32.exe, Playback - [WARNING] Internal failure: EnsureVisible via Setting Focus, Scrolling failed
\0
W, 4060, 14, 2012/10/18, 17:48:08.900, 60258518012, QTAgent32.exe, Playback - [WARNING] Internal warning: Couldn't get clickable point for ScreenUIElement since it was obscured by another UI element. See comparison tracing below
\0
E, 4060, 14, 2012/10/18, 17:48:08.932, 60258586859, QTAgent32.exe, &lt;a class=failure&gt;Playback - {33} [FAILED] LeftButtonClick - "[MSAA, VisibleOnly]ControlType='ToolBar' &amp;&amp; Name='toolStrip1'"  &lt; Mouse cursor location (725, 351) &gt;\0&lt;/a&gt;
E, 4060, 14, 2012/10/18, 17:48:09.134, 60259038602, QTAgent32.exe, Playback - [IMAGE] C:\Users\Azelos\AppData\Local\Temp\UITestLogs\LastRun\RPF4A6F.png
\0
W, 4060, 14, 2012/10/18, 17:48:09.134, 60259039885, QTAgent32.exe, ManagedWrapper : click on parent failed for expandable element
W, 4060, 14, 2012/10/18, 17:48:09.977, 60260931473, QTAgent32.exe, Playback - [WARNING] Internal warning: Can't find anchor child after updating the collection
\0
W, 4060, 14, 2012/10/18, 17:48:10.070, 60261132776, QTAgent32.exe, Playback - [WARNING] Internal warning: Can't find anchor child after updating the collection
\0
W, 4060, 14, 2012/10/18, 17:48:10.070, 60261135319, QTAgent32.exe, Playback - [WARNING] Internal warning: Scrolling failed using all requested scrolling flags, so MakeVisible is called with EVF_BY_SETTING_FOCUS. If this closes the container call EnsureVisible explicitly with flags other than default or write a customized scroller.
\0
W, 4060, 14, 2012/10/18, 17:48:11.006, 60263234414, QTAgent32.exe, Playback - [WARNING] Internal warning: Can't find anchor child after updating the collection
\0
W, 4060, 14, 2012/10/18, 17:48:11.100, 60263437441, QTAgent32.exe, Playback - [WARNING] Internal warning: Can't find anchor child after updating the collection
\0
W, 4060, 14, 2012/10/18, 17:48:11.178, 60263603444, QTAgent32.exe, Playback - [WARNING] Internal failure: EnsureVisible via Scrolling failed
\0
W, 4060, 14, 2012/10/18, 17:48:11.240, 60263761844, QTAgent32.exe, Playback - [WARNING] Internal warning: Couldn't get clickable point for ScreenUIElement since it was obscured by another UI element. See comparison tracing below
\0
E, 4060, 14, 2012/10/18, 17:48:11.272, 60263842157, QTAgent32.exe, &lt;a class=failure&gt;Playback - {34} [FAILED] LeftButtonClick - "[MSAA]ControlType='MenuItem' &amp;&amp; Name='File'"  &lt; Mouse cursor location (648, 384) &gt;\0&lt;/a&gt;
E, 4060, 14, 2012/10/18, 17:48:11.459, 60264249929, QTAgent32.exe, Playback - [IMAGE] C:\Users\Azelos\AppData\Local\Temp\UITestLogs\LastRun\RPF5394.png
\0
W, 4060, 14, 2012/10/18, 17:48:11.459, 60264251573, QTAgent32.exe, TryFindScreenElement: InvokingDefaultAction as an Exception occured while clicking menu item
W, 4060, 14, 2012/10/18, 17:48:11.802, 60264998064, QTAgent32.exe, &lt;a class=success&gt;Playback - {35} [SUCCESS] MouseButtonClick - "[MSAA]ControlType='MenuItem' &amp;&amp; Name='Open'"
\0&lt;/a&gt;
W, 4060, 14, 2012/10/18, 17:48:12.504, 60266593634, QTAgent32.exe, Playback - [WARNING] Internal warning: Window Not Found: [VisibleOnly]ControlType='Window' &amp;&amp; Name='Open Spreadsheet' &amp;&amp; ClassName='#32770'
\0
E, 4060, 14, 2012/10/18, 17:48:12.504, 60266594459, QTAgent32.exe, &lt;a class=failure&gt;Playback - {36} [FAILED] Function ElementFetcher::FindScreenElement failed to locate UI element (Searching: ;[VisibleOnly]ControlType='Window' &amp;&amp; Name='Open Spreadsheet' &amp;&amp; ClassName='#32770') (The object specified was not found.)
\0&lt;/a&gt;
E, 4060, 14, 2012/10/18, 17:48:12.722, 60267074590, QTAgent32.exe, Playback - [IMAGE] C:\Users\Azelos\AppData\Local\Temp\UITestLogs\LastRun\RPF5866.png
\0
W, 4060, 14, 2012/10/18, 17:48:12.722, 60267075007, QTAgent32.exe, Playback - [WARNING] Internal warning: Couldn't find descendants that match QueryId
\0
W, 4060, 14, 2012/10/18, 17:48:12.722, 60267076267, QTAgent32.exe, PERF WARNING: FindTopLevelWindowHelper::FindAllDescendents: took 818 ms. Expected it to take maximum 500 ms.
</DebugTrace>
        <ErrorInfo>
          <Message>User aborted test run.</Message>
        </ErrorInfo>
      </Output>
      <ResultFiles>
        <ResultFile path="AZELOSWIN\CodedUITestMethod1.png" />
      </ResultFiles>
      <CollectorDataEntries>
        <Collector agentName="AZELOSWIN" uri="datacollector://microsoft/SystemInfo/1.0" collectorDisplayName="System Information">
          <UriAttachments>
            <UriAttachment>
              <A href="AZELOSWIN\SystemInformation.xml">System Information from AZELOSWIN</A>
            </UriAttachment>
          </UriAttachments>
        </Collector>
        <Collector agentName="AZELOSWIN" uri="datacollector://microsoft/TraceDebugger/1.0" collectorDisplayName="IntelliTrace">
          <UriAttachments>
            <UriAttachment>
              <A href="AZELOSWIN\QTAgent32_121018_174830865_4060.iTrace">IntelliTrace file for 'QTAgent32.exe' (4060)</A>
            </UriAttachment>
            <UriAttachment>
              <A href="AZELOSWIN\SpreadsheetGUI_121018_174833689_3904.iTrace">IntelliTrace file for 'SpreadsheetGUI.exe' (3904)</A>
            </UriAttachment>
          </UriAttachments>
        </Collector>
      </CollectorDataEntries>
    </UnitTestResult>
  </Results>
</TestRun>