<?xml version="1.0" encoding="UTF-8"?>
<TestRun id="58218086-d8e4-414a-ae29-c4adce85336f" name="Azelos@AZELOSWIN 2012-10-18 17:28:25" runUser="AzelosWin\Azelos" xmlns="http://microsoft.com/schemas/VisualStudio/TeamTest/2010">
  <TestSettings name="Trace and Test Impact" id="15b2e144-c902-46f0-b6f1-3216785c3fe6">
    <Description>These are test settings for Trace and Test Impact.</Description>
    <Execution>
      <TestTypeSpecific>
        <UnitTestRunConfig testTypeId="13cdc9d9-ddb5-4fa4-a97d-d965ccfc6d4b">
          <AssemblyResolution>
            <TestDirectory useLoadContext="true" />
          </AssemblyResolution>
        </UnitTestRunConfig>
        <WebTestRunConfiguration testTypeId="4e7599fa-5ecb-43e9-a887-cd63cf72d207">
          <Browser name="Internet Explorer 7.0">
            <Headers>
              <Header name="User-Agent" value="Mozilla/4.0 (compatible; MSIE 7.0; Windows NT 5.1)" />
              <Header name="Accept" value="*/*" />
              <Header name="Accept-Language" value="{{$IEAcceptLanguage}}" />
              <Header name="Accept-Encoding" value="GZIP" />
            </Headers>
          </Browser>
        </WebTestRunConfiguration>
      </TestTypeSpecific>
      <AgentRule name="LocalMachineDefaultRole">
        <DataCollectors>
          <DataCollector uri="datacollector://microsoft/SystemInfo/1.0" assemblyQualifiedName="Microsoft.VisualStudio.TestTools.DataCollection.SystemInfo.SystemInfoDataCollector, Microsoft.VisualStudio.TestTools.DataCollection.SystemInfo, Version=10.0.0.0, Culture=neutral, PublicKeyToken=b03f5f7f11d50a3a" friendlyName="System Information">
          </DataCollector>
          <DataCollector uri="datacollector://microsoft/HttpProxy/1.0" assemblyQualifiedName="Microsoft.VisualStudio.TraceCollector.HttpProxyCollector, Microsoft.VisualStudio.TraceCollector, Version=10.0.0.0, Culture=neutral, PublicKeyToken=b03f5f7f11d50a3a" friendlyName="ASP.NET Client Proxy for IntelliTrace and Test Impact">
          </DataCollector>
          <DataCollector uri="datacollector://microsoft/TestImpact/1.0" assemblyQualifiedName="Microsoft.VisualStudio.TraceCollector.TestImpactDataCollector, Microsoft.VisualStudio.TraceCollector, Version=10.0.0.0, Culture=neutral, PublicKeyToken=b03f5f7f11d50a3a" friendlyName="Test Impact">
          </DataCollector>
          <DataCollector uri="datacollector://microsoft/TraceDebugger/1.0" assemblyQualifiedName="Microsoft.VisualStudio.TraceCollector.TraceDebuggerDataCollector, Microsoft.VisualStudio.TraceCollector, Version=10.0.0.0, Culture=neutral, PublicKeyToken=b03f5f7f11d50a3a" friendlyName="IntelliTrace">
          </DataCollector>
          <DataCollector uri="datacollector://microsoft/CodeCoverage/1.0" assemblyQualifiedName="Microsoft.VisualStudio.TestTools.CodeCoverage.CoveragePlugIn, Microsoft.VisualStudio.QualityTools.Plugins.CodeCoverage, Version=10.0.0.0, Culture=neutral, PublicKeyToken=b03f5f7f11d50a3a" friendlyName="Code Coverage">
            <Configuration>
              <CodeCoverage xmlns="">
                <Regular>
                  <CodeCoverageItem binaryFile="C:\Users\Azelos\Documents\Visual Studio 2010\Projects\PS6\SpreadsheetGUI\bin\Debug\SpreadsheetGUI.exe" pdbFile="C:\Users\Azelos\Documents\Visual Studio 2010\Projects\PS6\SpreadsheetGUI\bin\Debug\SpreadsheetGUI.instr.pdb" instrumentInPlace="true" />
                </Regular>
              </CodeCoverage>
            </Configuration>
          </DataCollector>
        </DataCollectors>
      </AgentRule>
    </Execution>
    <Deployment runDeploymentRoot="Azelos_AZELOSWIN 2012-10-18 17_28_25" />
  </TestSettings>
  <Times creation="2012-10-18T17:28:25.0571114-06:00" queuing="2012-10-18T17:28:25.4003120-06:00" start="2012-10-18T17:28:28.3799173-06:00" finish="2012-10-18T17:29:11.0157512-06:00" />
  <ResultSummary outcome="Completed">
    <Counters total="2" executed="2" passed="2" error="0" failed="0" timeout="0" aborted="0" inconclusive="0" passedButRunAborted="0" notRunnable="0" notExecuted="0" disconnected="0" warning="0" completed="0" inProgress="0" pending="0" />
    <RunInfos>
      <RunInfo computerName="AZELOSWIN" outcome="Warning" timestamp="2012-10-18T17:29:11.2177628-06:00">
        <Text>Code coverage in-place instrumentation: Cannot restore binary C:\Users\Azelos\Documents\Visual Studio 2010\Projects\PS6\SpreadsheetGUI\bin\Debug\SpreadsheetGUI.exe. Exception was thrown: Access to the path 'C:\Users\Azelos\Documents\Visual Studio 2010\Projects\PS6\SpreadsheetGUI\bin\Debug\SpreadsheetGUI.exe' is denied.</Text>
      </RunInfo>
      <RunInfo computerName="AZELOSWIN" outcome="Warning" timestamp="2012-10-18T17:29:11.2177628-06:00">
        <Text>Code coverage in-place instrumentation: One or more binaries in 'C:\Users\Azelos\Documents\Visual Studio 2010\Projects\PS6\SpreadsheetGUI\bin\Debug' were not restored.
They can be restored manually by running the file 'eqtrestore_58218086-d8e4-414a-ae29-c4adce85336f.bat' in this directory.</Text>
      </RunInfo>
    </RunInfos>
    <ResultFiles>
      <ResultFile path="AZELOSWIN\data.coverage" />
    </ResultFiles>
    <CollectorDataEntries>
      <Collector agentName="AZELOSWIN" uri="datacollector://microsoft/SystemInfo/1.0" collectorDisplayName="System Information">
        <UriAttachments>
          <UriAttachment>
            <A href="AZELOSWIN\SystemInformation.xml">System Information from AZELOSWIN</A>
          </UriAttachment>
        </UriAttachments>
      </Collector>
    </CollectorDataEntries>
  </ResultSummary>
  <TestDefinitions>
    <UnitTest name="CodedUITestMethod1" storage="c:\users\azelos\documents\visual studio 2010\projects\ps6\spreadsheetguitests\bin\debug\spreadsheetguitests.dll" id="747a1fff-db9b-12f6-10df-ab9ae050978f">
      <Execution id="cb500cab-4c88-4f3e-b780-f80b97f76ff0" />
      <TestMethod codeBase="C:/Users/Azelos/Documents/Visual Studio 2010/Projects/PS6/SpreadsheetGUITests/bin/Debug/SpreadsheetGUITests.DLL" adapterTypeName="Microsoft.VisualStudio.TestTools.TestTypes.Unit.UnitTestAdapter, Microsoft.VisualStudio.QualityTools.Tips.UnitTest.Adapter, Version=10.0.0.0, Culture=neutral, PublicKeyToken=b03f5f7f11d50a3a" className="SpreadsheetGUITests.Test2, SpreadsheetGUITests, Version=1.0.0.0, Culture=neutral, PublicKeyToken=null" name="CodedUITestMethod1" />
      <Extension>Microsoft.VisualStudio.TestTools.UITesting.CodedUITestAttribute, Microsoft.VisualStudio.QualityTools.CodedUITestFramework, Version=10.0.0.0, Culture=neutral, PublicKeyToken=b03f5f7f11d50a3a</Extension>
    </UnitTest>
    <UnitTest name="CodedUITestMethod1" storage="c:\users\azelos\documents\visual studio 2010\projects\ps6\spreadsheetguitests\bin\debug\spreadsheetguitests.dll" id="9897bdb1-26aa-a10b-a6bc-7e0b1837fbf4">
      <Execution id="ebfcdccb-f228-42cd-a433-3c2e1ceb7a46" />
      <TestMethod codeBase="C:/Users/Azelos/Documents/Visual Studio 2010/Projects/PS6/SpreadsheetGUITests/bin/Debug/SpreadsheetGUITests.DLL" adapterTypeName="Microsoft.VisualStudio.TestTools.TestTypes.Unit.UnitTestAdapter, Microsoft.VisualStudio.QualityTools.Tips.UnitTest.Adapter, Version=10.0.0.0, Culture=neutral, PublicKeyToken=b03f5f7f11d50a3a" className="SpreadsheetGUITests.Test1, SpreadsheetGUITests, Version=1.0.0.0, Culture=neutral, PublicKeyToken=null" name="CodedUITestMethod1" />
      <Extension>Microsoft.VisualStudio.TestTools.UITesting.CodedUITestAttribute, Microsoft.VisualStudio.QualityTools.CodedUITestFramework, Version=10.0.0.0, Culture=neutral, PublicKeyToken=b03f5f7f11d50a3a</Extension>
    </UnitTest>
  </TestDefinitions>
  <TestLists>
    <TestList name="Results Not in a List" id="8c84fa94-04c1-424b-9868-57a2d4851a1d" />
    <TestList name="All Loaded Results" id="19431567-8539-422a-85d7-44ee4e166bda" />
  </TestLists>
  <TestEntries>
    <TestEntry testId="747a1fff-db9b-12f6-10df-ab9ae050978f" executionId="cb500cab-4c88-4f3e-b780-f80b97f76ff0" testListId="8c84fa94-04c1-424b-9868-57a2d4851a1d" />
    <TestEntry testId="9897bdb1-26aa-a10b-a6bc-7e0b1837fbf4" executionId="ebfcdccb-f228-42cd-a433-3c2e1ceb7a46" testListId="8c84fa94-04c1-424b-9868-57a2d4851a1d" />
  </TestEntries>
  <Results>
    <UnitTestResult executionId="cb500cab-4c88-4f3e-b780-f80b97f76ff0" testId="747a1fff-db9b-12f6-10df-ab9ae050978f" testName="CodedUITestMethod1" computerName="AZELOSWIN" duration="00:00:33.8960319" startTime="2012-10-18T17:28:28.6295177-06:00" endTime="2012-10-18T17:29:03.3793144-06:00" testType="13cdc9d9-ddb5-4fa4-a97d-d965ccfc6d4b" outcome="Passed" testListId="8c84fa94-04c1-424b-9868-57a2d4851a1d" relativeResultsDirectory="cb500cab-4c88-4f3e-b780-f80b97f76ff0">
      <Output>
        <DebugTrace>W, 2128, 14, 2012/10/18, 17:28:32.732, 57622725087, QTAgent32.exe, &lt;a class=success&gt;Playback - {1} [SUCCESS] MouseButtonClick - "[MSAA, VisibleOnly]ControlType='Client'"
\0&lt;/a&gt;
W, 2128, 14, 2012/10/18, 17:28:33.215, 57623782794, QTAgent32.exe, &lt;a class=success&gt;Playback - {2} [SUCCESS] SendKeys "3" - "[MSAA, VisibleOnly]ControlType='Edit'"
\0&lt;/a&gt;
W, 2128, 14, 2012/10/18, 17:28:33.512, 57624446391, QTAgent32.exe, &lt;a class=success&gt;Playback - {3} [SUCCESS] SendKeys "3" - "[MSAA, VisibleOnly]ControlType='Edit'"
\0&lt;/a&gt;
E, 2128, 14, 2012/10/18, 17:28:33.793, 57625096303, QTAgent32.exe, LoadLibrary() : Unable to find the resource 37382 from assembly C:\Windows\system32\en-US\ieframe.dll.mui: Error1814
E, 2128, 14, 2012/10/18, 17:28:33.793, 57625097432, QTAgent32.exe, LoadLibrary() : Unable to find the resource 41728 from assembly C:\Windows\system32\en-US\ieframe.dll.mui: Error1814
E, 2128, 14, 2012/10/18, 17:28:33.793, 57625097944, QTAgent32.exe, LoadLibrary() : Unable to find the resource 8131 from assembly C:\Windows\system32\en-US\ieframe.dll.mui: Error1814
E, 2128, 14, 2012/10/18, 17:28:33.793, 57625098533, QTAgent32.exe, LoadLibrary() : Unable to find the resource 8131 from assembly C:\Windows\system32\en-US\ieframe.dll.mui: Error1814
E, 2128, 14, 2012/10/18, 17:28:33.793, 57625099472, QTAgent32.exe, LoadLibrary() : Unable to find the resource 8131 from assembly C:\Windows\system32\en-US\ieframe.dll.mui: Error1814
E, 2128, 14, 2012/10/18, 17:28:33.793, 57625100582, QTAgent32.exe, LoadLibrary() : Unable to find the resource 803 from assembly C:\Windows\system32\en-US\user32.dll.mui: Error1814
W, 2128, 14, 2012/10/18, 17:28:34.167, 57625929511, QTAgent32.exe, &lt;a class=success&gt;Playback - {4} [SUCCESS] SetValueAsEditBox "3" - "[MSAA, VisibleOnly]ControlType='Edit'"  &lt; Set via SendKeys &gt;
\0&lt;/a&gt;
W, 2128, 14, 2012/10/18, 17:28:34.480, 57626616710, QTAgent32.exe, &lt;a class=success&gt;Playback - {5} [SUCCESS] SendKeys "{Enter}" - "[MSAA, VisibleOnly]ControlType='Edit'"
\0&lt;/a&gt;
W, 2128, 14, 2012/10/18, 17:28:34.877, 57627508736, QTAgent32.exe, &lt;a class=success&gt;Playback - {6} [SUCCESS] MouseButtonClick - "[MSAA, VisibleOnly]ControlType='Client'"
\0&lt;/a&gt;
W, 2128, 14, 2012/10/18, 17:28:35.277, 57628402263, QTAgent32.exe, &lt;a class=success&gt;Playback - {7} [SUCCESS] SetValueAsEditBox "4" - "[MSAA, VisibleOnly]ControlType='Edit'"  &lt; Set via SendKeys &gt;
\0&lt;/a&gt;
W, 2128, 14, 2012/10/18, 17:28:35.547, 57629011124, QTAgent32.exe, &lt;a class=success&gt;Playback - {8} [SUCCESS] SendKeys "{Enter}" - "[MSAA, VisibleOnly]ControlType='Edit'"
\0&lt;/a&gt;
W, 2128, 14, 2012/10/18, 17:28:35.945, 57629898007, QTAgent32.exe, &lt;a class=success&gt;Playback - {9} [SUCCESS] MouseButtonClick - "[MSAA, VisibleOnly]ControlType='Client'"
\0&lt;/a&gt;
W, 2128, 14, 2012/10/18, 17:28:36.375, 57630862999, QTAgent32.exe, &lt;a class=success&gt;Playback - {10} [SUCCESS] SetValueAsEditBox "=" - "[MSAA, VisibleOnly]ControlType='Edit'"  &lt; Set via SendKeys &gt;
\0&lt;/a&gt;
W, 2128, 14, 2012/10/18, 17:28:36.635, 57631444208, QTAgent32.exe, &lt;a class=success&gt;Playback - {11} [SUCCESS] SendKeys "A" - "[MSAA, VisibleOnly]ControlType='Edit'"
\0&lt;/a&gt;
W, 2128, 14, 2012/10/18, 17:28:37.537, 57633489624, QTAgent32.exe, &lt;a class=success&gt;Playback - {12} [SUCCESS] MouseButtonClick - "[MSAA, VisibleOnly]ControlType='Client'"
\0&lt;/a&gt;
W, 2128, 14, 2012/10/18, 17:28:37.911, 57634307039, QTAgent32.exe, &lt;a class=success&gt;Playback - {13} [SUCCESS] SendKeys "^{HOME}" - "[MSAA, VisibleOnly]ControlType='Edit'"
\0&lt;/a&gt;
E, 2128, 14, 2012/10/18, 17:28:37.911, 57634325827, QTAgent32.exe, Msaa.GetFocusedElement: could not find accessible object of foreground window
W, 2128, 14, 2012/10/18, 17:28:38.067, 57634656911, QTAgent32.exe, &lt;a class=success&gt;Playback - {14} [SUCCESS] SendKeys "^+{END}" - "[MSAA, VisibleOnly]ControlType='Edit'"
\0&lt;/a&gt;
E, 2128, 14, 2012/10/18, 17:28:38.067, 57634659226, QTAgent32.exe, Msaa.GetFocusedElement: could not find accessible object of foreground window
W, 2128, 14, 2012/10/18, 17:28:38.161, 57634866355, QTAgent32.exe, &lt;a class=success&gt;Playback - {15} [SUCCESS] SendKeys "{DELETE}" - "[MSAA, VisibleOnly]ControlType='Edit'"
\0&lt;/a&gt;
W, 2128, 14, 2012/10/18, 17:28:38.489, 57635603767, QTAgent32.exe, &lt;a class=success&gt;Playback - {16} [SUCCESS] SetValueAsEditBox "A1+B1" - "[MSAA, VisibleOnly]ControlType='Edit'"  &lt; Set via SendKeys &gt;
\0&lt;/a&gt;
W, 2128, 14, 2012/10/18, 17:28:38.957, 57636648768, QTAgent32.exe, &lt;a class=success&gt;Playback - {17} [SUCCESS] MouseButtonClick - "[MSAA, VisibleOnly]ControlType='Client'"
\0&lt;/a&gt;
W, 2128, 14, 2012/10/18, 17:28:39.534, 57637946234, QTAgent32.exe, &lt;a class=success&gt;Playback - {18} [SUCCESS] SetValueAsEditBox "B1+C1" - "[MSAA, VisibleOnly]ControlType='Edit'"  &lt; Set via SendKeys &gt;
\0&lt;/a&gt;
W, 2128, 14, 2012/10/18, 17:28:39.643, 57638213860, QTAgent32.exe, FindScreenElementInSinglePass : Attempting to find control in one pass of search. Failures can occur.
W, 2128, 14, 2012/10/18, 17:28:40.002, 57639004212, QTAgent32.exe, Playback - [WARNING] Internal failure: Invalid bounding rectangle top location (0) for Name = "New" ," ControlType = "MenuItem"
\0
W, 2128, 14, 2012/10/18, 17:28:40.002, 57639005059, QTAgent32.exe, Playback - [WARNING] Internal failure: Invalid bounding rectangle size (width = 0, height = 0) for Name = "New" ," ControlType = "MenuItem"
\0
W, 2128, 14, 2012/10/18, 17:28:40.002, 57639005254, QTAgent32.exe, Playback - [WARNING] Internal failure: Couldn't get clickable point for ScreenUIElement - GetClickablePoint failed
\0
W, 2128, 14, 2012/10/18, 17:28:40.002, 57639007121, QTAgent32.exe, FindScreenElementInSinglePass : Attempting to find control in one pass of search. Failures can occur.
W, 2128, 14, 2012/10/18, 17:28:40.205, 57639465219, QTAgent32.exe, FindScreenElementInSinglePass : Attempting to find control in one pass of search. Failures can occur.
W, 2128, 14, 2012/10/18, 17:28:40.673, 57640498989, QTAgent32.exe, &lt;a class=success&gt;Playback - {19} [SUCCESS] LeftButtonClick - "[MSAA, VisibleOnly]ControlType='ToolBar' &amp;&amp; Name='toolStrip1'"  &lt; Mouse cursor location (327, 79) &gt;
\0&lt;/a&gt;
W, 2128, 14, 2012/10/18, 17:28:41.000, 57641254174, QTAgent32.exe, &lt;a class=success&gt;Playback - {20} [SUCCESS] LeftButtonClick - "[MSAA]ControlType='MenuItem' &amp;&amp; Name='File'"  &lt; Mouse cursor location (66, 79) &gt;
\0&lt;/a&gt;
W, 2128, 14, 2012/10/18, 17:28:41.453, 57642241904, QTAgent32.exe, &lt;a class=success&gt;Playback - {21} [SUCCESS] MouseButtonClick - "[MSAA]ControlType='MenuItem' &amp;&amp; Name='New'"
\0&lt;/a&gt;
W, 2128, 14, 2012/10/18, 17:28:41.562, 57642509166, QTAgent32.exe, FindNTopWindows : Search will be continued for 12000 even on failure
W, 2128, 14, 2012/10/18, 17:28:42.155, 57643818261, QTAgent32.exe, &lt;a class=success&gt;Playback - {22} [SUCCESS] MouseButtonClick - "[MSAA, VisibleOnly]ControlType='Button' &amp;&amp; Name='Close'"
\0&lt;/a&gt;
W, 2128, 14, 2012/10/18, 17:28:42.810, 57645282971, QTAgent32.exe, &lt;a class=success&gt;Playback - {23} [SUCCESS] MouseButtonClick - "[MSAA, VisibleOnly]ControlType='Client'"
\0&lt;/a&gt;
W, 2128, 14, 2012/10/18, 17:28:42.919, 57645530802, QTAgent32.exe, FindScreenElementInSinglePass : Attempting to find control in one pass of search. Failures can occur.
W, 2128, 14, 2012/10/18, 17:28:43.309, 57646431658, QTAgent32.exe, Playback - [WARNING] Internal failure: Invalid bounding rectangle top location (0) for Name = "Open" ," ControlType = "MenuItem"
\0
W, 2128, 14, 2012/10/18, 17:28:43.309, 57646433040, QTAgent32.exe, Playback - [WARNING] Internal failure: Invalid bounding rectangle size (width = 0, height = 0) for Name = "Open" ," ControlType = "MenuItem"
\0
W, 2128, 14, 2012/10/18, 17:28:43.309, 57646433247, QTAgent32.exe, Playback - [WARNING] Internal failure: Couldn't get clickable point for ScreenUIElement - GetClickablePoint failed
\0
W, 2128, 14, 2012/10/18, 17:28:43.309, 57646434087, QTAgent32.exe, FindScreenElementInSinglePass : Attempting to find control in one pass of search. Failures can occur.
W, 2128, 14, 2012/10/18, 17:28:43.543, 57646957565, QTAgent32.exe, FindScreenElementInSinglePass : Attempting to find control in one pass of search. Failures can occur.
W, 2128, 14, 2012/10/18, 17:28:44.011, 57647982851, QTAgent32.exe, &lt;a class=success&gt;Playback - {24} [SUCCESS] LeftButtonClick - "[MSAA, VisibleOnly]ControlType='ToolBar' &amp;&amp; Name='toolStrip1'"  &lt; Mouse cursor location (327, 79) &gt;
\0&lt;/a&gt;
W, 2128, 14, 2012/10/18, 17:28:44.276, 57648589819, QTAgent32.exe, &lt;a class=success&gt;Playback - {25} [SUCCESS] LeftButtonClick - "[MSAA]ControlType='MenuItem' &amp;&amp; Name='File'"  &lt; Mouse cursor location (66, 79) &gt;
\0&lt;/a&gt;
W, 2128, 14, 2012/10/18, 17:28:50.454, 57662414281, QTAgent32.exe, &lt;a class=success&gt;Playback - {26} [SUCCESS] MouseButtonClick - "[MSAA]ControlType='MenuItem' &amp;&amp; Name='Open'"
\0&lt;/a&gt;
W, 2128, 14, 2012/10/18, 17:28:50.813, 57663240370, QTAgent32.exe, FindScreenElementInSinglePass : Attempting to find control in one pass of search. Failures can occur.
W, 2128, 14, 2012/10/18, 17:28:51.265, 57664236845, QTAgent32.exe, &lt;a class=success&gt;Playback - {27} [SUCCESS] MouseButtonClick - "[MSAA, NextTo]ControlType='TreeItem' &amp;&amp; Name='Desktop' &amp;&amp; Value='1'"
\0&lt;/a&gt;
W, 2128, 14, 2012/10/18, 17:28:52.092, 57666083112, QTAgent32.exe, &lt;a class=success&gt;Playback - {28} [SUCCESS] DoubleClick - "[MSAA, VisibleOnly]ControlType='Image'"  &lt; Mouse cursor location (576, 289) &gt;
\0&lt;/a&gt;
W, 2128, 14, 2012/10/18, 17:28:52.201, 57666330191, QTAgent32.exe, FindNTopWindows : Search will be continued for 12000 even on failure
W, 2128, 14, 2012/10/18, 17:28:52.887, 57667887331, QTAgent32.exe, &lt;a class=success&gt;Playback - {29} [SUCCESS] MouseButtonClick - "[MSAA, VisibleOnly]ControlType='Button' &amp;&amp; Name='Close'"
\0&lt;/a&gt;
W, 2128, 14, 2012/10/18, 17:28:53.277, 57668743849, QTAgent32.exe, &lt;a class=success&gt;Playback - {30} [SUCCESS] MouseButtonClick - "[MSAA, VisibleOnly]ControlType='Button' &amp;&amp; Name='Yes'"
\0&lt;/a&gt;
W, 2128, 14, 2012/10/18, 17:28:53.387, 57668985798, QTAgent32.exe, FindScreenElementInSinglePass : Attempting to find control in one pass of search. Failures can occur.
W, 2128, 14, 2012/10/18, 17:28:53.605, 57669476678, QTAgent32.exe, Playback - [WARNING] Internal failure: Invalid bounding rectangle top location (0) for Name = "Save" ," ControlType = "MenuItem"
\0
W, 2128, 14, 2012/10/18, 17:28:53.605, 57669477540, QTAgent32.exe, Playback - [WARNING] Internal failure: Invalid bounding rectangle size (width = 0, height = 0) for Name = "Save" ," ControlType = "MenuItem"
\0
W, 2128, 14, 2012/10/18, 17:28:53.605, 57669477700, QTAgent32.exe, Playback - [WARNING] Internal failure: Couldn't get clickable point for ScreenUIElement - GetClickablePoint failed
\0
W, 2128, 14, 2012/10/18, 17:28:53.605, 57669478513, QTAgent32.exe, FindScreenElementInSinglePass : Attempting to find control in one pass of search. Failures can occur.
W, 2128, 14, 2012/10/18, 17:28:53.777, 57669882624, QTAgent32.exe, FindScreenElementInSinglePass : Attempting to find control in one pass of search. Failures can occur.
W, 2128, 14, 2012/10/18, 17:28:54.245, 57670909359, QTAgent32.exe, &lt;a class=success&gt;Playback - {31} [SUCCESS] LeftButtonClick - "[MSAA, VisibleOnly]ControlType='ToolBar' &amp;&amp; Name='toolStrip1'"  &lt; Mouse cursor location (327, 79) &gt;
\0&lt;/a&gt;
W, 2128, 14, 2012/10/18, 17:28:54.619, 57671747935, QTAgent32.exe, &lt;a class=success&gt;Playback - {32} [SUCCESS] LeftButtonClick - "[MSAA]ControlType='MenuItem' &amp;&amp; Name='File'"  &lt; Mouse cursor location (66, 79) &gt;
\0&lt;/a&gt;
W, 2128, 14, 2012/10/18, 17:28:55.103, 57672835950, QTAgent32.exe, &lt;a class=success&gt;Playback - {33} [SUCCESS] MouseButtonClick - "[MSAA]ControlType='MenuItem' &amp;&amp; Name='Save'"
\0&lt;/a&gt;
W, 2128, 14, 2012/10/18, 17:28:55.305, 57673305614, QTAgent32.exe, FindScreenElementInSinglePass : Attempting to find control in one pass of search. Failures can occur.
W, 2128, 14, 2012/10/18, 17:28:55.758, 57674326906, QTAgent32.exe, &lt;a class=success&gt;Playback - {34} [SUCCESS] MouseButtonClick - "[MSAA, NextTo]ControlType='TreeItem' &amp;&amp; Name='Desktop' &amp;&amp; Value='1'"
\0&lt;/a&gt;
E, 2128, 14, 2012/10/18, 17:28:56.007, 57674859209, QTAgent32.exe, Exception: System.ArgumentException
	Message: Value does not fall within the expected range.
	Stack Trace:    at Accessibility.IAccessible.get_accRole(Object varChild)
   at Microsoft.VisualStudio.TestTools.UITest.Extension.Msaa.AccWrapper.get_RoleInt()
	BaseExceptionMessage: Value does not fall within the expected range.

E, 2128, 14, 2012/10/18, 17:28:56.039, 57674930403, QTAgent32.exe, Exception: System.ArgumentException
	Message: Value does not fall within the expected range.
	Stack Trace:    at Accessibility.IAccessible.get_accRole(Object varChild)
   at Microsoft.VisualStudio.TestTools.UITest.Extension.Msaa.AccWrapper.get_RoleInt()
	BaseExceptionMessage: Value does not fall within the expected range.

W, 2128, 14, 2012/10/18, 17:28:56.725, 57676481781, QTAgent32.exe, &lt;a class=success&gt;Playback - {35} [SUCCESS] LeftButtonClick  &lt; Mouse cursor location (213, 528) &gt;
\0&lt;/a&gt;
W, 2128, 14, 2012/10/18, 17:28:57.396, 57677975927, QTAgent32.exe, &lt;a class=success&gt;Playback - {36} [SUCCESS] SetValueAsEditBox "test3"  &lt; Set via SendKeys &gt;
\0&lt;/a&gt;
W, 2128, 14, 2012/10/18, 17:28:57.396, 57677976888, QTAgent32.exe, &lt;a class=success&gt;Playback - {37} [SUCCESS] SetValueAsComboBox "test3" - "[MSAA, VisibleOnly]ControlType='ComboBox' &amp;&amp; Name='File name:'"  &lt; Set via SetValueAsEditBox &gt;
\0&lt;/a&gt;
W, 2128, 14, 2012/10/18, 17:28:57.864, 57679019194, QTAgent32.exe, &lt;a class=success&gt;Playback - {38} [SUCCESS] MouseButtonClick - "[MSAA, VisibleOnly]ControlType='Button' &amp;&amp; Name='Save'"
\0&lt;/a&gt;
W, 2128, 14, 2012/10/18, 17:28:57.969, 57679256002, QTAgent32.exe, FindScreenElementInSinglePass : Attempting to find control in one pass of search. Failures can occur.
W, 2128, 14, 2012/10/18, 17:28:58.249, 57679891623, QTAgent32.exe, Playback - [WARNING] Internal failure: Invalid bounding rectangle top location (0) for Name = "Close" ," ControlType = "MenuItem"
\0
W, 2128, 14, 2012/10/18, 17:28:58.249, 57679892950, QTAgent32.exe, Playback - [WARNING] Internal failure: Invalid bounding rectangle size (width = 0, height = 0) for Name = "Close" ," ControlType = "MenuItem"
\0
W, 2128, 14, 2012/10/18, 17:28:58.249, 57679893121, QTAgent32.exe, Playback - [WARNING] Internal failure: Couldn't get clickable point for ScreenUIElement - GetClickablePoint failed
\0
W, 2128, 14, 2012/10/18, 17:28:58.249, 57679893928, QTAgent32.exe, FindScreenElementInSinglePass : Attempting to find control in one pass of search. Failures can occur.
W, 2128, 14, 2012/10/18, 17:28:58.449, 57680341928, QTAgent32.exe, FindScreenElementInSinglePass : Attempting to find control in one pass of search. Failures can occur.
W, 2128, 14, 2012/10/18, 17:29:00.151, 57684156526, QTAgent32.exe, Playback - [WARNING] Internal warning: Can't find anchor child after updating the collection
\0
W, 2128, 14, 2012/10/18, 17:29:00.197, 57684280034, QTAgent32.exe, Playback - [WARNING] Internal warning: Can't find anchor child after updating the collection
\0
W, 2128, 14, 2012/10/18, 17:29:00.244, 57684365111, QTAgent32.exe, Playback - [WARNING] Internal failure: EnsureVisible via Setting Focus, Scrolling failed
\0
W, 2128, 14, 2012/10/18, 17:29:00.275, 57684440256, QTAgent32.exe, Playback - [WARNING] Internal warning: Couldn't get clickable point for ScreenUIElement since it was obscured by another UI element. See comparison tracing below
\0
E, 2128, 14, 2012/10/18, 17:29:00.291, 57684478219, QTAgent32.exe, &lt;a class=failure&gt;Playback - {39} [FAILED] LeftButtonClick - "[MSAA, VisibleOnly]ControlType='ToolBar' &amp;&amp; Name='toolStrip1'"  &lt; Mouse cursor location (662, 614) &gt;\0&lt;/a&gt;
E, 2128, 14, 2012/10/18, 17:29:00.478, 57684898135, QTAgent32.exe, Playback - [IMAGE] C:\Users\Azelos\AppData\Local\Temp\UITestLogs\LastRun\RPFC394.png
\0
W, 2128, 14, 2012/10/18, 17:29:00.478, 57684899311, QTAgent32.exe, ManagedWrapper : click on parent failed for expandable element
W, 2128, 14, 2012/10/18, 17:29:01.289, 57686694258, QTAgent32.exe, Playback - [WARNING] Internal warning: Can't find anchor child after updating the collection
\0
W, 2128, 14, 2012/10/18, 17:29:01.348, 57686825519, QTAgent32.exe, Playback - [WARNING] Internal warning: Can't find anchor child after updating the collection
\0
W, 2128, 14, 2012/10/18, 17:29:01.349, 57686827428, QTAgent32.exe, Playback - [WARNING] Internal warning: Scrolling failed using all requested scrolling flags, so MakeVisible is called with EVF_BY_SETTING_FOCUS. If this closes the container call EnsureVisible explicitly with flags other than default or write a customized scroller.
\0
W, 2128, 14, 2012/10/18, 17:29:02.104, 57688519475, QTAgent32.exe, Playback - [WARNING] Internal warning: Can't find anchor child after updating the collection
\0
W, 2128, 14, 2012/10/18, 17:29:02.197, 57688727933, QTAgent32.exe, Playback - [WARNING] Internal warning: Can't find anchor child after updating the collection
\0
W, 2128, 14, 2012/10/18, 17:29:02.270, 57688892529, QTAgent32.exe, Playback - [WARNING] Internal failure: EnsureVisible via Scrolling failed
\0
W, 2128, 14, 2012/10/18, 17:29:02.342, 57689053083, QTAgent32.exe, Playback - [WARNING] Internal warning: Couldn't get clickable point for ScreenUIElement since it was obscured by another UI element. See comparison tracing below
\0
E, 2128, 14, 2012/10/18, 17:29:02.378, 57689133740, QTAgent32.exe, &lt;a class=failure&gt;Playback - {40} [FAILED] LeftButtonClick - "[MSAA]ControlType='MenuItem' &amp;&amp; Name='File'"  &lt; Mouse cursor location (702, 395) &gt;\0&lt;/a&gt;
E, 2128, 14, 2012/10/18, 17:29:02.561, 57689543970, QTAgent32.exe, Playback - [IMAGE] C:\Users\Azelos\AppData\Local\Temp\UITestLogs\LastRun\RPFCBB0.png
\0
W, 2128, 14, 2012/10/18, 17:29:02.561, 57689545585, QTAgent32.exe, TryFindScreenElement: InvokingDefaultAction as an Exception occured while clicking menu item
W, 2128, 14, 2012/10/18, 17:29:02.891, 57690284036, QTAgent32.exe, &lt;a class=success&gt;Playback - {41} [SUCCESS] MouseButtonClick - "[MSAA]ControlType='MenuItem' &amp;&amp; Name='Close'"
\0&lt;/a&gt;
W, 2128, 14, 2012/10/18, 17:29:03.069, 57690682695, QTAgent32.exe, IEDOM : StopSession of the plugin called before StartSession
W, 2128, 14, 2012/10/18, 17:29:03.069, 57690683043, QTAgent32.exe, UIA : StopSession of the plugin called before StartSession
</DebugTrace>
      </Output>
      <CollectorDataEntries>
        <Collector agentName="AZELOSWIN" uri="datacollector://microsoft/SystemInfo/1.0" collectorDisplayName="System Information">
          <UriAttachments>
            <UriAttachment>
              <A href="AZELOSWIN\SystemInformation.xml">System Information from AZELOSWIN</A>
            </UriAttachment>
          </UriAttachments>
        </Collector>
        <Collector agentName="AZELOSWIN" uri="datacollector://microsoft/TestImpact/1.0" collectorDisplayName="Test Impact">
          <UriAttachments>
            <UriAttachment>
              <A href="AZELOSWIN\testimpact.xml">Test Impact Data</A>
            </UriAttachment>
          </UriAttachments>
        </Collector>
      </CollectorDataEntries>
    </UnitTestResult>
    <UnitTestResult executionId="ebfcdccb-f228-42cd-a433-3c2e1ceb7a46" testId="9897bdb1-26aa-a10b-a6bc-7e0b1837fbf4" testName="CodedUITestMethod1" computerName="AZELOSWIN" duration="00:00:06.1218796" startTime="2012-10-18T17:29:03.3843147-06:00" endTime="2012-10-18T17:29:09.5766689-06:00" testType="13cdc9d9-ddb5-4fa4-a97d-d965ccfc6d4b" outcome="Passed" testListId="8c84fa94-04c1-424b-9868-57a2d4851a1d" relativeResultsDirectory="ebfcdccb-f228-42cd-a433-3c2e1ceb7a46">
      <Output>
        <DebugTrace>W, 2128, 24, 2012/10/18, 17:29:05.809, 57696824647, QTAgent32.exe, &lt;a class=success&gt;Playback - {1} [SUCCESS] MouseButtonClick - "[MSAA, VisibleOnly]ControlType='ToolBar' &amp;&amp; Name='toolStrip1'"
\0&lt;/a&gt;
W, 2128, 24, 2012/10/18, 17:29:06.401, 57698150859, QTAgent32.exe, &lt;a class=success&gt;Playback - {2} [SUCCESS] SetValueAsEditBox "5" - "[MSAA, VisibleOnly]ControlType='Edit'"  &lt; Set via SendKeys &gt;
\0&lt;/a&gt;
W, 2128, 24, 2012/10/18, 17:29:06.702, 57698824542, QTAgent32.exe, &lt;a class=success&gt;Playback - {3} [SUCCESS] SendKeys "{Enter}" - "[MSAA, VisibleOnly]ControlType='Edit'"
\0&lt;/a&gt;
W, 2128, 24, 2012/10/18, 17:29:07.186, 57699910076, QTAgent32.exe, &lt;a class=success&gt;Playback - {4} [SUCCESS] MouseButtonClick - "[MSAA, VisibleOnly]ControlType='Client'"
\0&lt;/a&gt;
W, 2128, 24, 2012/10/18, 17:29:07.592, 57700820172, QTAgent32.exe, &lt;a class=success&gt;Playback - {5} [SUCCESS] SetValueAsEditBox "5" - "[MSAA, VisibleOnly]ControlType='Edit'"  &lt; Set via SendKeys &gt;
\0&lt;/a&gt;
W, 2128, 24, 2012/10/18, 17:29:07.865, 57701432610, QTAgent32.exe, &lt;a class=success&gt;Playback - {6} [SUCCESS] SendKeys "{Enter}" - "[MSAA, VisibleOnly]ControlType='Edit'"
\0&lt;/a&gt;
W, 2128, 24, 2012/10/18, 17:29:08.190, 57702158922, QTAgent32.exe, &lt;a class=success&gt;Playback - {7} [SUCCESS] MouseButtonClick - "[MSAA, VisibleOnly]ControlType='Client'"
\0&lt;/a&gt;
W, 2128, 24, 2012/10/18, 17:29:08.679, 57703255315, QTAgent32.exe, &lt;a class=success&gt;Playback - {8} [SUCCESS] SetValueAsEditBox "A1+B1" - "[MSAA, VisibleOnly]ControlType='Edit'"  &lt; Set via SendKeys &gt;
\0&lt;/a&gt;
W, 2128, 24, 2012/10/18, 17:29:09.142, 57704293455, QTAgent32.exe, &lt;a class=success&gt;Playback - {9} [SUCCESS] MouseButtonClick - "[MSAA, VisibleOnly]ControlType='Button' &amp;&amp; Name='Close'"
\0&lt;/a&gt;
W, 2128, 24, 2012/10/18, 17:29:09.408, 57704889677, QTAgent32.exe, &lt;a class=success&gt;Playback - {10} [SUCCESS] MouseButtonClick - "[MSAA, VisibleOnly]ControlType='Button' &amp;&amp; Name='Yes'"
\0&lt;/a&gt;
W, 2128, 24, 2012/10/18, 17:29:09.509, 57705115672, QTAgent32.exe, IEDOM : StopSession of the plugin called before StartSession
W, 2128, 24, 2012/10/18, 17:29:09.509, 57705116001, QTAgent32.exe, UIA : StopSession of the plugin called before StartSession
</DebugTrace>
      </Output>
      <CollectorDataEntries>
        <Collector agentName="AZELOSWIN" uri="datacollector://microsoft/SystemInfo/1.0" collectorDisplayName="System Information">
          <UriAttachments>
            <UriAttachment>
              <A href="AZELOSWIN\SystemInformation.xml">System Information from AZELOSWIN</A>
            </UriAttachment>
          </UriAttachments>
        </Collector>
        <Collector agentName="AZELOSWIN" uri="datacollector://microsoft/TestImpact/1.0" collectorDisplayName="Test Impact">
          <UriAttachments>
            <UriAttachment>
              <A href="AZELOSWIN\testimpact.xml">Test Impact Data</A>
            </UriAttachment>
          </UriAttachments>
        </Collector>
      </CollectorDataEntries>
    </UnitTestResult>
  </Results>
</TestRun>